0x00002000 (0xf14022f3) x5  0x00000000
0x00002004 (0x00000313) x6  0x00000000
0x0000200c (0x00000b17) x22 0x0000200c
0x00002010 (0x00cb0b13) x22 0x00002018
0x00002018 (0x40000e37) x28 0x40000000
0x0000201c (0x100e0e13) x28 0x40000100
0x00002024 (0x0000c397) x7  0x0000e024
0x00002028 (0xfa838393) x7  0x0000dfcc
0x0000202c (0x00005e17) x28 0x0000702c
0x00002030 (0x3a4e0e13) x28 0x000073d0
0x00002034 (0x001e6e13) x28 0x000073d1
0x0000203c (0x00000e17) x28 0x0000203c
0x00002040 (0x028e0e13) x28 0x00002064
0x0000204c (0x00002e37) x28 0x00002000
0x00002050 (0x800e0e13) x28 0x00001800
0x00002058 (0x00000e13) x28 0x00000000
0x0000206c (0x800000b7) x1  0x80000000
0x00002070 (0x80000137) x2  0x80000000
0x00002074 (0xf759a1b7) x3  0xf759a000
0x00002078 (0xb7518193) x3  0xf7599b75
0x0000207c (0x00600213) x4  0x00000006
0x00002080 (0xac4c42b7) x5  0xac4c4000
0x00002084 (0x7bc28293) x5  0xac4c47bc
0x00002088 (0x00b00313) x6  0x0000000b
0x0000208c (0x00000413) x8  0x00000000
0x00002090 (0x00000493) x9  0x00000000
0x00002094 (0x00400593) x11 0x00000004
0x00002098 (0x17a40637) x12 0x17a40000
0x0000209c (0x13860613) x12 0x17a40138
0x000020a0 (0xd853e6b7) x13 0xd853e000
0x000020a4 (0xa5468693) x13 0xd853da54
0x000020a8 (0x68468737) x14 0x68468000
0x000020ac (0x62e70713) x14 0x6846862e
0x000020b0 (0xfb4fe7b7) x15 0xfb4fe000
0x000020b4 (0xc2478793) x15 0xfb4fdc24
0x000020b8 (0xfd4d4837) x16 0xfd4d4000
0x000020bc (0xc3880813) x16 0xfd4d3c38
0x000020c0 (0x00d00893) x17 0x0000000d
0x000020c4 (0xf386f937) x18 0xf386f000
0x000020c8 (0xd2f90913) x18 0xf386ed2f
0x000020cc (0x00f00993) x19 0x0000000f
0x000020d0 (0x00000a13) x20 0x00000000
0x000020d4 (0x3ae30ab7) x21 0x3ae30000
0x000020d8 (0x46fa8a93) x21 0x3ae3046f
0x000020dc (0x22b38b37) x22 0x22b38000
0x000020e0 (0x285b0b13) x22 0x22b38285
0x000020e4 (0xb74dabb7) x23 0xb74da000
0x000020e8 (0xfd1b8b93) x23 0xb74d9fd1
0x000020ec (0x716c1c37) x24 0x716c1000
0x000020f0 (0xc37c0c13) x24 0x716c0c37
0x000020f4 (0x42bfbcb7) x25 0x42bfb000
0x000020f8 (0x0ebc8c93) x25 0x42bfb0eb
0x000020fc (0x00000d13) x26 0x00000000
0x00002100 (0x00000d93) x27 0x00000000
0x00002104 (0x9752be37) x28 0x9752b000
0x00002108 (0xeb8e0e13) x28 0x9752aeb8
0x0000210c (0x80000eb7) x29 0x80000000
0x00002110 (0x00000f13) x30 0x00000000
0x00002114 (0xfe94cfb7) x31 0xfe94c000
0x00002118 (0x626f8f93) x31 0xfe94c626
0x0000211c (0x0000a517) x10 0x0000c11c
0x00002120 (0xf6c50513) x10 0x0000c088
0x00002124 (0x00000297) x5  0x00002124
0x00002128 (0x3c428293) x5  0x000024e8
0x0000212c (0x4938f113) x2  0x00000001
0x00002130 (0xfc028293) x5  0x000024a8
0x00002134 (0xd4b24c13) x24 0xfffffd4d
0x0000213c (0x416d5613) x12 0x00000000
0x0000214c (0x04128367) x6  0x00002150
0x000024f0 (0xfd050513) x10 0x0000c058
0x000024f4 (0x0158eeb3) x29 0x3ae3046f
0x000024f8 (0x00652223) mem 0x0000c05c 0x00002150
0x000024fc (0x0027dbb3) x23 0x7da7ee12
0x00002500 (0x00006c97) x25 0x00008500
0x00002504 (0x419c8c93) x25 0x00008919
0x00002508 (0x5cd1f293) x5  0x00000145
0x0000250c (0x01019493) x9  0x9b750000
0x00002510 (0x003f1f13) x30 0x00000000
0x00002514 (0x00f1d0b3) x1  0x0f7599b7
0x00002518 (0x4130df13) x30 0x000001ee
0x0000251c (0xf3ec8b23) mem 0x0000884f 0xee
0x00002520 (0x6980f493) x9  0x00000090
0x00002524 (0x0e5c8283) x5  0xffffffb5
0x00002528 (0x0030c1b3) x3  0xf82c02c2
0x0000252c (0xf1ccc483) x9  0x000000ee
0x00002530 (0x065c89a3) mem 0x0000898c 0xb5
0x00002534 (0x0f7ca183) x3  0xc8c9cacb
0x00002538 (0x500fd0b7) x1  0x500fd000
0x0000253c (0x01249493) x9  0x03b80000
0x00002540 (0xfd47e193) x3  0xfffffff4
0x00002544 (0x069c96a3) mem 0x00008986 0x0000
0x00002548 (0xfce94497) x9  0xfce96548
0x0000254c (0x4031d0b3) x1  0xffffffff
0x00002550 (0x01e792b3) x5  0xf7090000
0x00002554 (0xf7ec8083) x1  0x0000004c
0x00002558 (0x4030d793) x15 0x00000009
0x0000255c (0xf35cdf03) x30 0x0000ee05
0x00002560 (0x08ec8483) x9  0x0000005c
0x00002564 (0x084cc783) x15 0x00000056
0x00002568 (0xfc3c9283) x5  0xffff9697
0x0000256c (0xff3c9f03) x30 0xffffc6c7
0x00002570 (0x7ea7a793) x15 0x00000001
0x00002574 (0x009190b3) x1  0x40000000
0x00002578 (0x40c401b7) x3  0x40c40000
0x0000257c (0xfebcdf03) x30 0x0000bebf
0x00002580 (0x0ebca183) x3  0xbcbdbebf
0x00002584 (0xf58ccf03) x30 0x0000002a
0x0000258c (0x02cc8183) x3  0xfffffffe
0x00002590 (0xfe9c8823) mem 0x00008909 0x5c
0x00002598 (0x0050b2b3) x5  0x00000001
0x0000259c (0x063c8a23) mem 0x0000898d 0xfe
0x000025a0 (0x01d4d793) x15 0x00000000
0x000025a4 (0x40f081b3) x3  0x40000000
0x000025a8 (0x078c8f03) x30 0x0000004a
0x000025ac (0x09ec80a3) mem 0x0000899a 0x4a
0x000025b0 (0x0aec8283) x5  0x0000007c
0x000025b4 (0x01bf5793) x15 0x00000000
0x000025b8 (0xf56c8283) x5  0x00000024
0x000025bc (0x00007697) x13 0x000095bc
0x000025c0 (0x38168693) x13 0x0000993d
0x000025c4 (0x38c6cf83) x31 0x00000082
0x000025c8 (0x00006497) x9  0x000085c8
0x000025cc (0xc1048493) x9  0x000081d8
0x000025d0 (0xff26c783) x15 0x000000e4
0x000025d4 (0x6e148a83) x21 0x00000072
0x000025d8 (0x2c468783) x15 0xffffffba
0x000025dc (0x0d44d983) x19 0x00006667
0x000025e0 (0x1ba6ce03) x28 0x000000ac
0x000025e4 (0x4764de83) x29 0x00000405
0x000025e8 (0x7bc49703) x14 0x00004e4f
0x000025ec (0xeb068703) x14 0xffffffa6
0x000025f0 (0x41b49923) mem 0x000085ea 0x0000
0x000025f8 (0x4bc68803) x16 0xffffffb2
0x000025fc (0x1c5488a3) mem 0x000083a9 0x24
0x00002600 (0x14c6cf03) x30 0x00000042
0x00002604 (0x5f249f03) x30 0xffff8081
0x00002608 (0x1224dc83) x25 0x0000b0b1
0x0000260c (0xeb868d03) x26 0xffffffae
0x00002610 (0x5ad480a3) mem 0x00008779 0x3d
0x00002614 (0xaaf6a903) x18 0xa4a5a6a7
0x00002618 (0xfff00593) x11 0xffffffff
0x0000261c (0x7240c113) x2  0x40000724
0x00002620 (0x01400d13) x26 0x00000014
0x00002624 (0x27183693) x13 0x00000000
0x00002628 (0x00558593) x11 0x00000004
0x0000262c (0x00000093) x1  0x00000000
0x00002630 (0x00b00c13) x24 0x0000000b
0x00002634 (0x0080e4b3) x9  0x00000000
0x00002638 (0x227f3193) x3  0x00000000
0x0000263c (0x15492eb7) x29 0x15492000
0x00002640 (0x00908093) x1  0x00000009
0x00002634 (0x0080e4b3) x9  0x00000009
0x00002638 (0x227f3193) x3  0x00000000
0x0000263c (0x15492eb7) x29 0x15492000
0x00002640 (0x00908093) x1  0x00000012
0x00002624 (0x27183693) x13 0x00000000
0x00002628 (0x00558593) x11 0x00000009
0x0000262c (0x00000093) x1  0x00000000
0x00002630 (0x00b00c13) x24 0x0000000b
0x00002634 (0x0080e4b3) x9  0x00000000
0x00002638 (0x227f3193) x3  0x00000000
0x0000263c (0x15492eb7) x29 0x15492000
0x00002640 (0x00908093) x1  0x00000009
0x00002634 (0x0080e4b3) x9  0x00000009
0x00002638 (0x227f3193) x3  0x00000000
0x0000263c (0x15492eb7) x29 0x15492000
0x00002640 (0x00908093) x1  0x00000012
0x00002624 (0x27183693) x13 0x00000000
0x00002628 (0x00558593) x11 0x0000000e
0x0000262c (0x00000093) x1  0x00000000
0x00002630 (0x00b00c13) x24 0x0000000b
0x00002634 (0x0080e4b3) x9  0x00000000
0x00002638 (0x227f3193) x3  0x00000000
0x0000263c (0x15492eb7) x29 0x15492000
0x00002640 (0x00908093) x1  0x00000009
0x00002634 (0x0080e4b3) x9  0x00000009
0x00002638 (0x227f3193) x3  0x00000000
0x0000263c (0x15492eb7) x29 0x15492000
0x00002640 (0x00908093) x1  0x00000012
0x00002624 (0x27183693) x13 0x00000000
0x00002628 (0x00558593) x11 0x00000013
0x0000262c (0x00000093) x1  0x00000000
0x00002630 (0x00b00c13) x24 0x0000000b
0x00002634 (0x0080e4b3) x9  0x00000000
0x00002638 (0x227f3193) x3  0x00000000
0x0000263c (0x15492eb7) x29 0x15492000
0x00002640 (0x00908093) x1  0x00000009
0x00002634 (0x0080e4b3) x9  0x00000009
0x00002638 (0x227f3193) x3  0x00000000
0x0000263c (0x15492eb7) x29 0x15492000
0x00002640 (0x00908093) x1  0x00000012
0x00002624 (0x27183693) x13 0x00000000
0x00002628 (0x00558593) x11 0x00000018
0x0000262c (0x00000093) x1  0x00000000
0x00002630 (0x00b00c13) x24 0x0000000b
0x00002634 (0x0080e4b3) x9  0x00000000
0x00002638 (0x227f3193) x3  0x00000000
0x0000263c (0x15492eb7) x29 0x15492000
0x00002640 (0x00908093) x1  0x00000009
0x00002634 (0x0080e4b3) x9  0x00000009
0x00002638 (0x227f3193) x3  0x00000000
0x0000263c (0x15492eb7) x29 0x15492000
0x00002640 (0x00908093) x1  0x00000012
0x0000264c (0x01f41233) x4  0x00000000
0x00002650 (0x0440036f) x6  0x00002654
0x00002694 (0xff5ff0ef) x1  0x00002698
0x00002688 (0xfcdff0ef) x1  0x0000268c
0x00002654 (0x0080036f) x6  0x00002658
0x0000265c (0xffdff7ef) x15 0x00002660
0x00002658 (0x038000ef) x1  0x0000265c
0x00002690 (0x00c000ef) x1  0x00002694
0x0000269c (0xff1ff0ef) x1  0x000026a0
0x0000268c (0xff1ff36f) x6  0x00002690
0x0000267c (0xff5ff0ef) x1  0x00002680
0x00002670 (0x008000ef) x1  0x00002674
0x00002678 (0xffdff0ef) x1  0x0000267c
0x00002674 (0x030000ef) x1  0x00002678
0x000026a4 (0xff5ff0ef) x1  0x000026a8
0x00002698 (0xfe9ff0ef) x1  0x0000269c
0x00002680 (0xfe1ff0ef) x1  0x00002684
0x00002660 (0x004001ef) x3  0x00002664
0x00002664 (0x03c0026f) x4  0x00002668
0x000026a0 (0xfcdff26f) x4  0x000026a4
0x0000266c (0x01800c6f) x24 0x00002670
0x00002684 (0xfe5ff36f) x6  0x00002688
0x00002668 (0x040000ef) x1  0x0000266c
0x000026a8 (0x01f09433) x8  0x000099b0
0x000026ac (0x00008117) x2  0x0000a6ac
0x000026b0 (0x9f210113) x2  0x0000a09e
0x000026b4 (0x03a10a83) x21 0xffffff93
0x000026b8 (0x02e12483) x9  0x84858687
0x000026bc (0x00ca84b3) x9  0xffffff93
0x000026c0 (0xfd1106a3) mem 0x0000a06b 0x0d
0x000026c4 (0xff111523) mem 0x0000a088 0x000d
0x000026c8 (0x0114e4b3) x9  0xffffff9f
0x000026cc (0xff914483) x9  0x0000004c
0x000026d0 (0x40c8da93) x21 0x00000000
0x000026d4 (0x012928b3) x17 0x00000000
0x000026d8 (0xfd615883) x17 0x00002e2f
0x000026dc (0x00994ab3) x21 0xa4a5a6eb
0x000026e0 (0x009baab3) x21 0x00000000
0x000026e8 (0xfd211b83) x23 0x00002a2b
0x000026ec (0xfc510b83) x23 0x00000018
0x000026f0 (0x03314883) x17 0x0000008a
0x000026f4 (0x037102a3) mem 0x0000a0c3 0x18
0x000026f8 (0x009aa633) x12 0x00000001
0x000026fc (0x01110423) mem 0x0000a0a6 0x8a
0x00002700 (0xad260a93) x21 0xfffffad3
0x00002704 (0x99a4e613) x12 0xfffff9de
0x00002708 (0x011ba8b3) x17 0x00000001
0x0000270c (0x04015883) x17 0x00009495
0x00002710 (0x00295893) x17 0x292969a9
0x00002714 (0x009b9ab3) x21 0x00018000
0x00002718 (0xfd110223) mem 0x0000a062 0xa9
0x0000271c (0xff212123) mem 0x0000a080 0xa4a5a6a7
0x00002720 (0x00006917) x18 0x00008720
0x00002724 (0xaa590913) x18 0x000081c5
0x00002728 (0x033cf817) x16 0x033d1728
0x0000272c (0x00094983) x19 0x0000007e
0x00002730 (0xb08be893) x17 0xfffffb18
0x00002734 (0x013897b3) x15 0x00000000
0x00002738 (0x00890803) x16 0xffffff86
0x0000273c (0x00881813) x16 0xffff8600
0x00002740 (0xce150797) x15 0xce152740
0x00002744 (0x017902a3) mem 0x000081ca 0x18
0x00002748 (0xfe6918a3) mem 0x000081b6 0x2688
0x0000274c (0x2e432813) x16 0x00000000
0x00002750 (0x00fbe833) x16 0xce152758
0x00002754 (0x00f902a3) mem 0x000081ca 0x40
0x00002758 (0xffe94803) x16 0x00000078
0x0000275c (0x60d87893) x17 0x00000008
0x00002760 (0x410bd813) x16 0x00000000
0x00002768 (0x006368b3) x17 0x00002688
0x0000276c (0x00d90883) x17 0xffffff89
0x00002770 (0x006910a3) mem 0x000081c6 0x2688
0x00002774 (0x00d31793) x15 0x04d10000
0x00002778 (0xffa94983) x19 0x00000074
0x0000277c (0x41e7db93) x23 0x00000000
0x00002780 (0x00490983) x19 0xffffff82
0x00002784 (0x01390523) mem 0x000081cf 0x82
0x00002788 (0x41535813) x16 0x00000000
0x0000278c (0x00f797b3) x15 0x04d10000
0x00002790 (0xcf49c893) x17 0x00000376
0x00002794 (0xffd91783) x15 0x00007879
0x00002798 (0x00294783) x15 0x00000026
0x0000279c (0xff390923) mem 0x000081b7 0x82
0x000027a0 (0x00a90303) x6  0xffffff82
0x000027a4 (0xca641337) x6  0xca641000
0x000027a8 (0x01090883) x17 0xffffff8e
0x000027ac (0x0177f7b3) x15 0x00000000
0x000027b0 (0xff395883) x17 0x00007273
0x000027b4 (0x010848b3) x17 0x00000000
0x000027b8 (0x00f9d333) x6  0xffffff82
0x000027bc (0x006914a3) mem 0x000081ce 0xff82
0x000027c0 (0xffd90783) x15 0x00000079
0x000027c4 (0xdc533b93) x23 0x00000000
0x000027c8 (0x00090883) x17 0x0000007e
0x000027cc (0x0138db93) x23 0x00000000
0x000027d0 (0x01779833) x16 0x00000079
0x000027d4 (0x00f94b83) x23 0x0000008f
0x000027d8 (0x00494803) x16 0x00000082
0x000027dc (0x01398333) x6  0xffffff04
0x000027e0 (0x017bf333) x6  0x0000008f
0x000027e4 (0x00690023) mem 0x000081c5 0x8f
0x000027e8 (0xff294b83) x23 0x00000082
0x000027ec (0x011b9793) x15 0x01040000
0x000027f0 (0x00690983) x19 0xffffff80
0x000027f4 (0x00f90b83) x23 0xffffff8f
0x000027fc (0x00f36bb3) x23 0x0104008f
0x00002800 (0x6ecf3bb7) x23 0x6ecf3000
0x00002804 (0x00f8f8b3) x17 0x00000000
0x00002808 (0xff395783) x15 0x00007273
0x0000280c (0x00008897) x17 0x0000a80c
0x00002810 (0x88188893) x17 0x0000a08d
0x00002814 (0x417757b3) x15 0xffffffa6
0x00002818 (0x0a189283) x5  0xffffe4e5
0x0000281c (0x0a188683) x13 0xffffffe5
0x00002820 (0x0a58df03) x30 0x0000e8e9
0x00002824 (0x0a58c483) x9  0x000000e9
0x00002828 (0xfe4884a3) mem 0x0000a076 0xa4
0x0000282c (0xf418c283) x5  0x00000085
0x00002830 (0xf5f880a3) mem 0x00009fce 0x82
0x00002834 (0xf4189683) x13 0xffff8482
0x00002838 (0xf418ca03) x20 0x00000082
0x0000283c (0x400800b3) x1  0x00000082
0x00002840 (0xf0388e23) mem 0x00009fa9 0x64
0x00002844 (0x00c19ab3) x21 0x00000000
0x00002848 (0xf1c88803) x16 0x00000064
0x0000284c (0xf1788e23) mem 0x00009fa9 0x00
0x00002850 (0xf1c88c83) x25 0x00000000
0x00002854 (0x0798d083) x1  0x0000bcbd
0x00002858 (0x0798c303) x6  0x000000bd
0x0000285c (0xdcebe113) x2  0xfffffdce
0x00002860 (0x07989183) x3  0xffffbcbd
0x00002864 (0x009eefb3) x31 0x154920e9
0x00002868 (0x07989d83) x27 0xffffbcbd
0x0000286c (0x00007217) x4  0x0000986c
0x00002870 (0xef520213) x4  0x00009761
0x00002874 (0x00007997) x19 0x00009874
0x00002878 (0xf6898993) x19 0x000097dc
0x0000287c (0x00007117) x2  0x0000987c
0x00002880 (0x69610113) x2  0x00009f12
0x00002884 (0x00007797) x15 0x00009884
0x00002888 (0x53278793) x15 0x00009db6
0x0000288c (0x00020f03) x30 0x0000001a
0x00002890 (0xed898e83) x29 0x0000006f
0x00002894 (0x193983a3) mem 0x00009963 0xdc
0x00002898 (0x00008a17) x20 0x0000a898
0x0000289c (0x80da0a13) x20 0x0000a0a5
0x000028a0 (0x0db10e83) x29 0xffffffa6
0x000028a4 (0xf51a0803) x16 0xffffffad
0x000028a8 (0x001213a3) mem 0x00009768 0xbcbd
0x000028ac (0xfec15583) x11 0x0000b4b5
0x000028b0 (0x00178c83) x25 0x0000006c
0x000028b4 (0x00979923) mem 0x00009dc8 0x00e9
0x000028b8 (0x072a1da3) mem 0x0000a120 0x81c5
0x000028bc (0x14b9c303) x6  0x000000dc
0x000028c0 (0x06015483) x9  0x00002829
0x000028c4 (0x05ea0e83) x29 0xffffffb8
0x000028c8 (0xfb0106a3) mem 0x00009ebf 0xad
0x000028cc (0x4e998e03) x28 0x0000007e
0x000028d0 (0x00b22883) x17 0x24252627
0x000028d4 (0x0357a323) mem 0x00009ddc 0x00000000
0x000028d8 (0xba5988a3) mem 0x0000938d 0x85
0x000028dc (0xfaea0583) x11 0x00000008
0x000028e0 (0x01298423) mem 0x000097e4 0xc5
0x000028e4 (0x00c24303) x6  0x00000026
0x000028e8 (0xfc17ab23) mem 0x00009d8c 0x0000bcbd
0x000028ec (0x01320823) mem 0x00009771 0xdc
0x000028f0 (0x00310c83) x25 0xffffffce
0x000028f4 (0xfca11483) x9  0xffff9697
0x000028f8 (0xfe878aa3) mem 0x00009dab 0xb0
0x000028fc (0x0047c403) x8  0x00000071
0x00002900 (0xa4998803) x16 0xffffffde
0x00002904 (0xfea20b23) mem 0x00009757 0x58
0x00002908 (0xf0310d03) x26 0xffffffce
0x0000290c (0x32a9c603) x12 0x000000bd
0x00002910 (0xfb911023) mem 0x00009eb2 0xffce
0x00002914 (0x05da0aa3) mem 0x0000a0fa 0xb8
0x00002918 (0xf8d104a3) mem 0x00009e9b 0x82
0x00002920 (0x9839c583) x11 0x00000014
0x00002924 (0x13e99303) x6  0xffffd0d1
0x00002928 (0x00006797) x15 0x00008928
0x0000292c (0x6ea78793) x15 0x00009012
0x00002930 (0x86c78aa3) mem 0x00008887 0xbd
0x00002934 (0x00007217) x4  0x00009934
0x00002938 (0x5d320213) x4  0x00009f07
0x0000293c (0x1357c103) x2  0x000000fc
0x00002940 (0xf6624183) x3  0x00000026
0x00002944 (0xdf07d583) x11 0x0000b8b9
0x00002948 (0xea778103) x2  0x00000072
0x0000294c (0xf8122883) x17 0x40414243
0x00002950 (0xc4f79723) mem 0x00008c60 0x9012
0x00002954 (0xc3c79c83) x25 0x00000405
0x00002958 (0x08922283) x5  0x48494a4b
0x0000295c (0xdaf78183) x3  0x0000007a
0x00002960 (0xa3078703) x14 0xfffffff9
0x00002964 (0xffa20323) mem 0x00009eed 0xce
0x00002968 (0xe2378ca3) mem 0x00008e4b 0x7a
0x0000296c (0x0d320b83) x23 0xffffff91
0x00002970 (0xee679d03) x26 0xffffb2b3
0x00002974 (0x00006f17) x30 0x00008974
0x00002978 (0xd79f0f13) x30 0x000086ed
0x0000297c (0x00006097) x1  0x0000897c
0x00002980 (0x75608093) x1  0x000090d2
0x00002984 (0x00809323) mem 0x000090d8 0x0071
0x00002988 (0xffd09923) mem 0x000090c4 0xffb8
0x0000298c (0xfd0f0023) mem 0x000086ad 0xde
0x00002990 (0x00f08483) x9  0xffffff9a
0x00002994 (0x008f4903) x18 0x000000ae
0x00002998 (0xffbf0703) x14 0xffffffa3
0x0000299c (0xfef08e23) mem 0x000090ce 0x12
0x000029a0 (0x000f4e83) x29 0x000000a6
0x000029a4 (0xfe6f0c03) x24 0xffffff88
0x000029a8 (0x00d08e03) x28 0xffffff94
0x000029ac (0xffd08e83) x29 0xffffff84
0x000029b0 (0xfd3f0123) mem 0x000086af 0xdc
0x000029b4 (0x02af0d03) x26 0xffffffcc
0x000029b8 (0x00007297) x5  0x000099b8
0x000029bc (0x42c28293) x5  0x00009de4
0x000029c0 (0x8b4286a3) mem 0x00009691 0xa5
0x000029c4 (0x00006917) x18 0x000089c4
0x000029c8 (0xa2e90913) x18 0x000083f2
0x000029cc (0x85329e23) mem 0x00009640 0x97dc
0x000029d0 (0x9af28ba3) mem 0x0000979b 0x12
0x000029d4 (0x1f4285a3) mem 0x00009fcf 0xa5
0x000029d8 (0xfd495603) x12 0x00007c7d
0x000029dc (0xf3691c83) x25 0xffffe2e3
0x000029e0 (0xfe0906a3) mem 0x000083df 0x00
0x000029e4 (0xb5d2ce03) x28 0x000000fa
0x000029e8 (0xdc129b23) mem 0x00009bba 0x90d2
0x000029ec (0x0ed94603) x12 0x00000094
0x000029f0 (0xe7c29083) x1  0x00001a1b
0x000029f4 (0xff894b83) x23 0x000000a1
0x000029f8 (0x3352c083) x1  0x000000d2
0x000029fc (0x35a28ba3) mem 0x0000a13b 0xcc
0x00002a00 (0xf3590483) x9  0xffffffdc
0x00002a04 (0x00007197) x3  0x00009a04
0x00002a08 (0xbef18193) x3  0x000095f3
0x00002a0c (0x080195a3) mem 0x0000967e 0x0000
0x00002a10 (0x07319703) x14 0x00001c1d
0x00002a14 (0xe5d5b593) x11 0x00000001
0x00002a18 (0xf811c583) x11 0x0000002f
0x00002a1c (0xfa018b23) mem 0x000095a9 0x00
0x00002a20 (0x00007733) x14 0x00000000
0x00002a24 (0x00ef3f33) x30 0x00000000
0x00002a28 (0x0e21c303) x6  0x0000008e
0x00002a2c (0x016f1f17) x30 0x016f3a2c
0x00002a30 (0x01e77233) x4  0x00000000
0x00002a34 (0xf3827f13) x30 0x00000000
0x00002a38 (0x29004213) x4  0x00000290
0x00002a3c (0x9a123f13) x30 0x00000001
0x00002a40 (0xf7218f03) x30 0x0000001e
0x00002a48 (0x6de005b7) x11 0x6de00000
0x00002a4c (0x9a9f7337) x6  0x9a9f7000
0x00002a50 (0x09e18723) mem 0x00009681 0x1e
0x00002a54 (0x0f719f03) x30 0xffffa0a1
0x00002a58 (0x0ee196a3) mem 0x000096e0 0x0000
0x00002a5c (0xf8b18303) x6  0x00000035
0x00002a68 (0x41e305b3) x11 0x00005f94
0x00002a6c (0xf331c303) x6  0x000000dd
0x00002a70 (0x00e305b3) x11 0x000000dd
0x00002a78 (0xf2b18a23) mem 0x00009527 0xdd
0x00002a7c (0x00bf4f33) x30 0xffffa07c
0x00002a80 (0x008f5313) x6  0x00ffffa0
0x00002a84 (0x00ef2733) x14 0x00000001
0x00002a88 (0x0e6197a3) mem 0x000096e2 0xffa0
0x00002a8c (0x00ef1733) x14 0xffff40f8
0x00002a90 (0xfeb18d23) mem 0x000095ed 0xdd
0x00002a94 (0xfcc18303) x6  0x00000074
0x00002a98 (0x01e205b3) x11 0xffffa30c
0x00002a9c (0xe221b717) x14 0xe221da9c
0x00002aa0 (0x0c81c583) x11 0x00000070
0x00002aa4 (0x080193a3) mem 0x0000967a 0x0000
0x00002aa8 (0x0ec1c583) x11 0x00000094
0x00002aac (0xfce1a2a3) mem 0x000095b8 0xe221da9c
0x00002ab0 (0x001f5213) x4  0x7fffd03e
0x00002abc (0x00c1c203) x4  0x000000b4
0x00002ac0 (0x00022f33) x30 0x00000000
0x00002ac4 (0x00074733) x14 0xe221da9c
0x00002ac8 (0x0ab185a3) mem 0x0000969e 0x94
0x00002acc (0x00005f17) x30 0x00007acc
0x00002ad0 (0x770f0f13) x30 0x0000823c
0x00002ad4 (0xffff4703) x14 0x000000f0
0x00002ad8 (0xffff4683) x13 0x000000f0
0x00002adc (0x00af0403) x8  0xfffffffd
0x00002ae0 (0xf6678e13) x28 0x00008f78
0x00002ae4 (0x00af0983) x19 0xfffffffd
0x00002ae8 (0x00af5083) x1  0x0000fcfd
0x00002aec (0x045b0d13) x26 0x22b382ca
0x00002af0 (0x00af1c83) x25 0xfffffcfd
0x00002af4 (0x00af4e83) x29 0x000000fd
0x00002afc (0xb702d137) x2  0xb702d000
0x00002b00 (0xff6f0ba3) mem 0x00008233 0x85
0x00002b04 (0x00bf0f83) x31 0xfffffffc
0x00002b08 (0x00ef0583) x11 0x00000001
0x00002b0c (0x00ef5083) x1  0x00000001
0x00002b14 (0xffef0203) x4  0xfffffff1
0x00002b18 (0x00007217) x4  0x00009b18
0x00002b1c (0x84a20213) x4  0x00009362
0x00002b20 (0x75920903) x18 0x00000070
0x00002b24 (0x00007197) x3  0x00009b24
0x00002b28 (0xa0618193) x3  0x0000952a
0x00002b2c (0x00007417) x8  0x00009b2c
0x00002b30 (0x54a40413) x8  0x0000a076
0x00002b34 (0x01b40e03) x28 0x0000004a
0x00002b38 (0x1b620723) mem 0x00009510 0x85
0x00002b3c (0x7b620c03) x24 0xffffffd3
0x00002b40 (0x46f1c783) x15 0x00000052
0x00002b44 (0x00007597) x11 0x00009b44
0x00002b48 (0x54858593) x11 0x0000a08c
0x00002b4c (0x01e40aa3) mem 0x0000a08b 0x3c
0x00002b50 (0x00007e97) x29 0x00009b50
0x00002b54 (0x005e8e93) x29 0x00009b55
0x00002b58 (0x4df20d83) x27 0xfffffffa
0x00002b5c (0x0085c783) x15 0x0000004f
0x00002b60 (0x29c21603) x12 0xffffb4b5
0x00002b64 (0x1dd184a3) mem 0x000096f3 0x55
0x00002b68 (0xfcf58603) x12 0x00000010
0x00002b6c (0x65a1c683) x13 0x0000003f
0x00002b70 (0xfc658ba3) mem 0x0000a063 0x74
0x00002b74 (0x84be84a3) mem 0x0000939e 0x8c
0x00002b78 (0x0365c903) x18 0x00000079
0x00002b7c (0x4ff20683) x13 0x0000001a
0x00002b80 (0x8e1e8223) mem 0x00009439 0x01
0x00002b84 (0x00b59d23) mem 0x0000a0a6 0xa08c
0x00002b88 (0x7d918303) x6  0xffffffb8
0x00002b8c (0xfe758ba3) mem 0x0000a083 0xcc
0x00002b90 (0x201ed883) x17 0x00000c0d
0x00002b94 (0xfd8ecf83) x31 0x000000e6
0x00002b98 (0xd4d1c683) x13 0x0000002c
0x00002b9c (0x900ec703) x14 0x0000000e
0x00002ba0 (0xf4221823) mem 0x000092b2 0xd000
0x00002ba4 (0xfd25cc83) x25 0x00000015
0x00002ba8 (0x02e407a3) mem 0x0000a0a5 0x0e
0x00002bac (0x01f5cb83) x23 0x00000060
0x00002bb0 (0x2fbea683) x13 0x08090a0b
0x00002bb4 (0xf5f20a03) x20 0x0000007a
0x00002bb8 (0xc3de91a3) mem 0x00009778 0x9b55
0x00002bbc (0xfdd44083) x1  0x00000008
0x00002bc0 (0x6b81cf83) x31 0x00000099
0x00002bc4 (0x02f41023) mem 0x0000a096 0x004f
0x00002bc8 (0x392209a3) mem 0x000096f5 0x79
0x00002bcc (0xdbc184a3) mem 0x000092d3 0x4a
0x00002bd0 (0x00358da3) mem 0x0000a0a7 0x2a
0x00002bd4 (0x50120483) x9  0x00000018
0x00002bd8 (0xe2c1c803) x16 0x0000000d
0x00002bdc (0x00007217) x4  0x00009bdc
0x00002be0 (0x45320213) x4  0x0000a02f
0x00002be4 (0x08d25703) x14 0x00007677
0x00002be8 (0x00006f97) x31 0x00008be8
0x00002bec (0xe68f8f93) x31 0x00008a50
0x00002bf0 (0x05320a83) x21 0xffffffa5
0x00002bf4 (0x00bf8083) x1  0x00000010
0x00002bf8 (0x09224a83) x21 0x0000007a
0x00002c00 (0xf4420983) x19 0x00000028
0x00002c04 (0xff7f8803) x16 0xfffffffc
0x00002c08 (0x0de24583) x11 0x000000c6
0x00002c0c (0xf7d24e83) x29 0x00000067
0x00002c10 (0xffdf9923) mem 0x00008a42 0x0067
0x00002c14 (0x04e22ca3) mem 0x0000a088 0x00007677
0x00002c18 (0xf3a24583) x11 0x00000022
0x00002c1c (0x09420703) x14 0x00000018
0x00002c20 (0xff2fc903) x18 0x00000067
0x00002c24 (0x00cfcb83) x23 0x00000017
0x00002c28 (0x009f8083) x1  0x00000012
0x00002c2c (0x0240036f) x6  0x00002c30
0x00002c50 (0x0180036f) x6  0x00002c54
0x00002c68 (0x0300036f) x6  0x00002c6c
0x00002c98 (0xfc1ff36f) x6  0x00002c9c
0x00002c58 (0x004000ef) x1  0x00002c5c
0x00002c5c (0x014000ef) x1  0x00002c60
0x00002c70 (0xfc9ff0ef) x1  0x00002c74
0x00002c38 (0x050000ef) x1  0x00002c3c
0x00002c88 (0xff9ff16f) x2  0x00002c8c
0x00002c80 (0xfe1ff36f) x6  0x00002c84
0x00002c60 (0xfd1ff0ef) x1  0x00002c64
0x00002c30 (0x048005ef) x11 0x00002c34
0x00002c78 (0xfedff0ef) x1  0x00002c7c
0x00002c64 (0xfe1ff76f) x14 0x00002c68
0x00002c44 (0xffdff4ef) x9  0x00002c48
0x00002c40 (0x00c000ef) x1  0x00002c44
0x00002c4c (0x020000ef) x1  0x00002c50
0x00002c6c (0x0300036f) x6  0x00002c70
0x00002c9c (0xfb9ff0ef) x1  0x00002ca0
0x00002c54 (0xfe9ff0ef) x1  0x00002c58
0x00002c3c (0x04800eef) x29 0x00002c40
0x00002c84 (0x008000ef) x1  0x00002c88
0x00002c8c (0x004000ef) x1  0x00002c90
0x00002c90 (0xfedff0ef) x1  0x00002c94
0x00002c7c (0xfcdff0ef) x1  0x00002c80
0x00002c48 (0x02c000ef) x1  0x00002c4c
0x00002c74 (0x020000ef) x1  0x00002c78
0x00002c94 (0xfa1ff0ef) x1  0x00002c98
0x00002c34 (0x06c00a6f) x20 0x00002c38
0x00002ca0 (0xaa006a13) x20 0xfffffaa0
0x00002ca4 (0x00006617) x12 0x00008ca4
0x00002ca8 (0x33560613) x12 0x00008fd9
0x00002cac (0x98d60423) mem 0x00008961 0x0b
0x00002cb0 (0x00006f97) x31 0x00008cb0
0x00002cb4 (0x0e1f8f93) x31 0x00008d91
0x00002cb8 (0xc5b60e03) x28 0xffffffef
0x00002cbc (0x9ed627a3) mem 0x000089c8 0x08090a0b
0x00002cc0 (0xffef8883) x17 0x00000044
0x00002cc4 (0x86b62983) x19 0xfcfdfeff
0x00002cc8 (0xb2b62983) x19 0xbcbdbebf
0x00002ccc (0x010f90a3) mem 0x00008d92 0xfffc
0x00002cd0 (0xebd65103) x2  0x00004c4d
0x00002cd4 (0xfe1f88a3) mem 0x00008d82 0x98
0x00002cd8 (0x00bf8223) mem 0x00008d95 0x34
0x00002cdc (0xff3fd683) x13 0x00003e3f
0x00002ce0 (0xff7f8483) x9  0x00000043
0x00002ce4 (0x00300193) x3  0x00000003
0x00002ce8 (0xffd00413) x8  0xfffffffd
0x00002cec (0x00298e33) x28 0xbcbe0b0c
0x00002cf0 (0xeced2a93) x21 0x00000000
0x00002cf4 (0x01b11b93) x23 0x68000000
0x00002cf8 (0xffd18193) x3  0x00000000
0x00002cfc (0x40068233) x4  0x00003e3f
0x00002d00 (0xfff00c93) x25 0xffffffff
0x00002d04 (0x010890b3) x1  0x40000000
0x00002d08 (0x00800313) x6  0x00000008
0x00002d0c (0x503b0e93) x29 0x22b38788
0x00002d10 (0x40fedf13) x30 0x00004567
0x00002d14 (0x41fd5913) x18 0x00000000
0x00002d18 (0x7e4d2e13) x28 0x00000000
0x00002d1c (0x009c8c93) x25 0x00000008
0x00002d20 (0x0068f6b3) x13 0x00000000
0x00002d0c (0x503b0e93) x29 0x22b38788
0x00002d10 (0x40fedf13) x30 0x00004567
0x00002d14 (0x41fd5913) x18 0x00000000
0x00002d18 (0x7e4d2e13) x28 0x00000000
0x00002d1c (0x009c8c93) x25 0x00000011
0x00002d20 (0x0068f6b3) x13 0x00000000
0x00002cf0 (0xeced2a93) x21 0x00000000
0x00002cf4 (0x01b11b93) x23 0x68000000
0x00002cf8 (0xffd18193) x3  0xfffffffd
0x00002cfc (0x40068233) x4  0x00000000
0x00002d00 (0xfff00c93) x25 0xffffffff
0x00002d04 (0x010890b3) x1  0x40000000
0x00002d08 (0x00800313) x6  0x00000008
0x00002d0c (0x503b0e93) x29 0x22b38788
0x00002d10 (0x40fedf13) x30 0x00004567
0x00002d14 (0x41fd5913) x18 0x00000000
0x00002d18 (0x7e4d2e13) x28 0x00000000
0x00002d1c (0x009c8c93) x25 0x00000008
0x00002d20 (0x0068f6b3) x13 0x00000000
0x00002d0c (0x503b0e93) x29 0x22b38788
0x00002d10 (0x40fedf13) x30 0x00004567
0x00002d14 (0x41fd5913) x18 0x00000000
0x00002d18 (0x7e4d2e13) x28 0x00000000
0x00002d1c (0x009c8c93) x25 0x00000011
0x00002d20 (0x0068f6b3) x13 0x00000000
0x00002cf0 (0xeced2a93) x21 0x00000000
0x00002cf4 (0x01b11b93) x23 0x68000000
0x00002cf8 (0xffd18193) x3  0xfffffffa
0x00002cfc (0x40068233) x4  0x00000000
0x00002d00 (0xfff00c93) x25 0xffffffff
0x00002d04 (0x010890b3) x1  0x40000000
0x00002d08 (0x00800313) x6  0x00000008
0x00002d0c (0x503b0e93) x29 0x22b38788
0x00002d10 (0x40fedf13) x30 0x00004567
0x00002d14 (0x41fd5913) x18 0x00000000
0x00002d18 (0x7e4d2e13) x28 0x00000000
0x00002d1c (0x009c8c93) x25 0x00000008
0x00002d20 (0x0068f6b3) x13 0x00000000
0x00002d0c (0x503b0e93) x29 0x22b38788
0x00002d10 (0x40fedf13) x30 0x00004567
0x00002d14 (0x41fd5913) x18 0x00000000
0x00002d18 (0x7e4d2e13) x28 0x00000000
0x00002d1c (0x009c8c93) x25 0x00000011
0x00002d20 (0x0068f6b3) x13 0x00000000
0x00002d2c (0x72387593) x11 0x00000720
0x00002d30 (0x00006d97) x27 0x00008d30
0x00002d34 (0x655d8d93) x27 0x00009385
0x00002d38 (0xff6d8103) x2  0x00000030
0x00002d3c (0x9ced2f93) x31 0x00000000
0x00002d40 (0xff6d8c03) x24 0x00000030
0x00002d44 (0xfc0dca83) x21 0x000000fe
0x00002d48 (0x014ab2b3) x5  0x00000001
0x00002d4c (0xff1dd683) x13 0x00002c2d
0x00002d50 (0xfe5d98a3) mem 0x00009376 0x0001
0x00002d54 (0x036d8f83) x31 0x00000070
0x00002d58 (0x40170133) x2  0xc0002c68
0x00002d5c (0x70076837) x16 0x70076000
0x00002d60 (0x02cd8b23) mem 0x000093bb 0xd9
0x00002d64 (0xfcdd9483) x9  0x00000809
0x00002d68 (0xff9dd683) x13 0x00003435
0x00002d6c (0xffbd8ca3) mem 0x0000937e 0x85
0x00002d70 (0x00a49233) x4  0x09000000
0x00002d74 (0xfc9d9303) x6  0x00000405
0x00002d78 (0xfc7d94a3) mem 0x0000934e 0xdfcc
0x00002d7c (0x00007097) x1  0x00009d7c
0x00002d80 (0xe0b08093) x1  0x00009b87
0x00002d84 (0x00007f17) x30 0x00009d84
0x00002d88 (0x26af0f13) x30 0x00009fee
0x00002d8c (0x00007317) x6  0x00009d8c
0x00002d90 (0x9c530313) x6  0x00009751
0x00002d94 (0x02c0ca83) x21 0x00000068
0x00002d98 (0x00007697) x13 0x00009d98
0x00002d9c (0x15968693) x13 0x00009ef1
0x00002da0 (0xff0f1703) x14 0xffff9495
0x00002da4 (0xff90d483) x9  0x00003a3b
0x00002dac (0xfea08e23) mem 0x00009b83 0x58
0x00002db0 (0x0486cd83) x27 0x000000f2
0x00002db4 (0xf7034603) x12 0x0000007a
0x00002db8 (0xffcf5d03) x26 0x0000a0a1
0x00002dc0 (0xff6093a3) mem 0x00009b6e 0x8285
0x00002dc4 (0x06568b83) x23 0x0000000d
0x00002dc8 (0x08530423) mem 0x000097d9 0x01
0x00002dcc (0xff80c183) x3  0x00000034
0x00002dd0 (0x0c3681a3) mem 0x00009fb4 0x34
0x00002dd4 (0x00cf5783) x15 0x0000b0b1
0x00002dd8 (0xfd808e23) mem 0x00009b63 0x30
0x00002ddc (0xfd90d203) x4  0x00001a1b
0x00002de0 (0xf9034803) x16 0x00000000
0x00002de4 (0xffdf4d83) x27 0x000000a0
0x00002de8 (0x0200c883) x17 0x0000005c
0x00002dec (0xfb034a83) x21 0x000000ba
0x00002df4 (0x01df1323) mem 0x00009ff4 0x8788
0x00002df8 (0x03c08c83) x25 0x00000078
0x00002e00 (0x0000cb83) x23 0x0000003c
0x00002e04 (0xf0a30883) x17 0x00000010
0x00002e08 (0xff4f0803) x16 0xffffff99
0x00002e0c (0x00006c17) x24 0x00008e0c
0x00002e10 (0xc3cc0c13) x24 0x00008a48
0x00002e14 (0x21cc4983) x19 0x0000001f
0x00002e18 (0x00006a97) x21 0x00008e18
0x00002e1c (0x476a8a93) x21 0x0000928e
0x00002e20 (0x1aac0603) x12 0xffffffa9
0x00002e24 (0x311c1523) mem 0x00008d52 0x0010
0x00002e28 (0x0acc06a3) mem 0x00008af5 0xa9
0x00002e2c (0xff8a84a3) mem 0x00009277 0x48
0x00002e30 (0x02fac203) x4  0x00000076
0x00002e34 (0xfdba87a3) mem 0x0000925d 0xa0
0x00002e38 (0xdacc4c83) x25 0x000000af
0x00002e3c (0x016a85a3) mem 0x00009299 0x85
0x00002e40 (0xcb6c4983) x19 0x000000b5
0x00002e44 (0xfd0a8723) mem 0x0000925c 0x99
0x00002e48 (0xe3dc0303) x6  0x0000003e
0x00002e50 (0x2a7c4f83) x31 0x000000a4
0x00002e54 (0x2dec4803) x16 0x000000dd
0x00002e58 (0xe4fc0483) x9  0x0000004c
0x00002e5c (0x0300036f) x6  0x00002e60
0x00002e8c (0xfd5ff0ef) x1  0x00002e90
0x00002e60 (0x0340036f) x6  0x00002e64
0x00002e94 (0xfd5ffc6f) x24 0x00002e98
0x00002e68 (0x044000ef) x1  0x00002e6c
0x00002eac (0xfc1ffeef) x29 0x00002eb0
0x00002e6c (0x058000ef) x1  0x00002e70
0x00002ec4 (0xfb9ff36f) x6  0x00002ec8
0x00002e7c (0x0500036f) x6  0x00002e80
0x00002ecc (0xfcdff0ef) x1  0x00002ed0
0x00002e98 (0x01c000ef) x1  0x00002e9c
0x00002eb4 (0xfc1ff36f) x6  0x00002eb8
0x00002e74 (0x044000ef) x1  0x00002e78
0x00002eb8 (0x010000ef) x1  0x00002ebc
0x00002ec8 (0xff5ff26f) x4  0x00002ecc
0x00002ebc (0xfedff0ef) x1  0x00002ec0
0x00002ea8 (0xfd9ff9ef) x19 0x00002eac
0x00002e80 (0x010000ef) x1  0x00002e84
0x00002e90 (0x0400096f) x18 0x00002e94
0x00002ed0 (0xf95ff0ef) x1  0x00002ed4
0x00002e64 (0x0140016f) x2  0x00002e68
0x00002e78 (0x038000ef) x1  0x00002e7c
0x00002eb0 (0xff5ff36f) x6  0x00002eb4
0x00002ea4 (0x01c002ef) x5  0x00002ea8
0x00002ec0 (0xfc9ff0ef) x1  0x00002ec4
0x00002e88 (0xfe9ff0ef) x1  0x00002e8c
0x00002e70 (0x030002ef) x5  0x00002e74
0x00002ea0 (0xffdff0ef) x1  0x00002ea4
0x00002e9c (0xfe9ff36f) x6  0x00002ea0
0x00002e84 (0x050000ef) x1  0x00002e88
0x00002ed4 (0x00ef0733) x14 0x00003483
0x00002ed8 (0x00005a97) x21 0x00007ed8
0x00002edc (0x77aa8a93) x21 0x00008652
0x00002ee0 (0xfdaad683) x13 0x0000e6e7
0x00002ee4 (0x00006d97) x27 0x00008ee4
0x00002ee8 (0x5cdd8d93) x27 0x000094b1
0x00002eec (0xfcea8ba3) mem 0x00008629 0x83
0x00002ef0 (0xff2dc183) x3  0x00000058
0x00002ef4 (0x03bacf03) x30 0x00000046
0x00002ef8 (0xfd8a8e23) mem 0x0000862e 0x98
0x00002efc (0x001dce03) x28 0x00000069
0x00002f00 (0xfc5ac203) x4  0x000000cc
0x00002f04 (0x00fd9f83) x31 0x00007a7b
0x00002f08 (0x00ddd783) x15 0x00007475
0x00002f0c (0xfdda9e23) mem 0x0000862e 0x2eb0
0x00002f10 (0xff6dc703) x14 0x0000005c
0x00002f14 (0x001d8103) x2  0x00000069
0x00002f18 (0x02daca03) x20 0x00000034
0x00002f1c (0x001dc603) x12 0x00000069
0x00002f20 (0xfc6a9c83) x25 0xffffd2d3
0x00002f24 (0x00005817) x16 0x00007f24
0x00002f28 (0x3ff80813) x16 0x00008323
0x00002f2c (0x7f928a13) x20 0x0000366d
0x00002f30 (0x66680423) mem 0x0000898b 0xa0
0x00002f34 (0x0051a6b3) x13 0x00000001
0x00002f38 (0x14f81e03) x28 0x00002829
0x00002f3c (0x14d817a3) mem 0x00008472 0x0001
0x00002f40 (0x14f80303) x6  0x00000001
0x00002f44 (0x14f85183) x3  0x00000001
0x00002f48 (0x15780d83) x27 0x00000031
0x00002f4c (0x15781c03) x24 0x00003031
0x00002f50 (0x415fe593) x11 0x00007e7f
0x00002f54 (0x40cfd913) x18 0x00000007
0x00002f5c (0x15781183) x3  0x00003031
0x00002f60 (0x15784e83) x29 0x00000031
0x00002f64 (0x15784283) x5  0x00000031
0x00002f68 (0x15784083) x1  0x00000031
0x00002f6c (0x15781203) x4  0x00003031
0x00002f70 (0x40725a33) x20 0x00000003
0x00002f74 (0x15784d03) x26 0x00000031
0x00002f78 (0x15f81ba3) mem 0x0000847a 0x7a7b
0x00002f7c (0x15785c03) x24 0x00007a7b
0x00002f80 (0x00006d17) x26 0x00008f80
0x00002f84 (0x21ad0d13) x26 0x0000919a
0x00002f88 (0x01caddb3) x27 0x00000043
0x00002f8c (0xf24d2a13) x20 0x00000000
0x00002f90 (0x089d0f03) x30 0xffffffd8
0x00002f94 (0x091d04a3) mem 0x00009223 0x10
0x00002f98 (0x089d0483) x9  0x00000010
0x00002f9c (0x41f30233) x4  0xffff8586
0x00002fa0 (0x08ed04a3) mem 0x00009223 0x5c
0x00002fa4 (0x02dd00a3) mem 0x000091bb 0x01
0x00002fa8 (0x021d0583) x11 0x00000001
0x00002fac (0x021d0c83) x25 0x00000001
0x00002fb0 (0xfe7d1423) mem 0x00009182 0xdfcc
0x00002fb4 (0x05bd0803) x16 0xffffffae
0x00002fb8 (0x05bd0203) x4  0xffffffae
0x00002fbc (0x030d1a23) mem 0x000091ce 0xffae
0x00002fc0 (0xf5c0c613) x12 0xffffff6d
0x00002fc4 (0x0ac52e97) x29 0x0ac54fc4
0x00002fc8 (0x034d0e03) x28 0xffffffae
0x00002fcc (0xfcbd4483) x9  0x0000001e
0x00002fd0 (0x00007097) x1  0x00009fd0
0x00002fd4 (0xd1d08093) x1  0x00009ced
0x00002fd8 (0x00007f97) x31 0x00009fd8
0x00002fdc (0x16bf8f93) x31 0x0000a143
0x00002fe0 (0x83e095a3) mem 0x00009518 0xffd8
0x00002fe4 (0x00006c97) x25 0x00008fe4
0x00002fe8 (0x26bc8c93) x25 0x0000924f
0x00002fec (0xf5bf8683) x13 0x00000055
0x00002ff0 (0xe9cfc583) x11 0x00000094
0x00002ff4 (0x89008ea3) mem 0x0000958a 0xae
0x00002ff8 (0x059c8823) mem 0x0000929f 0x4f
0x00002ffc (0xe55f8b83) x23 0x00000053
0x00003000 (0x074c8983) x19 0x00000078
0x00003004 (0xf5808983) x19 0xfffffffe
0x00003008 (0x05ac8783) x15 0x00000062
0x0000300c (0x1ea08803) x16 0xffffff8c
0x00003010 (0x9af08183) x3  0x00000057
0x00003014 (0xf6ccc783) x15 0x00000001
0x00003018 (0xd75fad83) x27 0x70717273
0x0000301c (0x88ef8e83) x29 0xffffff8a
0x00003020 (0xf08c8283) x5  0x0000000c
0x00003024 (0xfa1cc983) x19 0x000000ab
0x00003028 (0xe5b0dd03) x26 0x00000203
0x0000302c (0x3d00c403) x8  0x00000076
0x00003030 (0x96ef97a3) mem 0x00009ab2 0x005c
0x00003034 (0x8e6f8f23) mem 0x00009a41 0x01
0x00003038 (0x069c8403) x8  0x00000073
0x0000303c (0x0d808d83) x27 0x0000007e
0x00003040 (0xacff9303) x6  0xffffc8c9
0x00003044 (0xb7408483) x9  0x0000001a
0x00003048 (0xd5df9ca3) mem 0x00009e9c 0xff8a
0x0000304c (0xc9608e23) mem 0x00009989 0x85
0x00003050 (0x0acc91a3) mem 0x000092f2 0xff6d
0x00003054 (0x00006197) x3  0x00009054
0x00003058 (0x20218193) x3  0x00009256
0x0000305c (0x01ef65b3) x11 0xffffffd8
0x00003060 (0x9a27d5b7) x11 0x9a27d000
0x00003064 (0x1a524593) x11 0xfffffe0b
0x00003068 (0xff71c583) x11 0x00000006
0x0000306c (0x008f5593) x11 0x00ffffff
0x00003070 (0x01d65593) x11 0x00000007
0x00003074 (0x4c75e213) x4  0x000004c7
0x00003078 (0x01e58833) x16 0xffffffdf
0x0000307c (0xffe18ba3) mem 0x0000924d 0xd8
0x00003080 (0x00f835b3) x11 0x00000000
0x00003084 (0x40285793) x15 0xfffffff7
0x00003088 (0x40c20f33) x30 0x0000055a
0x0000308c (0x4097d613) x12 0xffffffff
0x00003090 (0x00f1c803) x16 0x0000001e
0x00003094 (0x41085233) x4  0x00000000
0x00003098 (0x0105a7b3) x15 0x00000001
0x0000309c (0x0107ef33) x30 0x0000001f
0x000030a0 (0x00d1c583) x11 0x00000018
0x000030a4 (0x00b25f13) x30 0x00000000
0x000030a8 (0x00b5b5b3) x11 0x00000000
0x000030ac (0x91380793) x15 0xfffff931
0x000030b0 (0x00a18783) x15 0x0000001b
0x000030b4 (0x01e180a3) mem 0x00009257 0x00
0x000030b8 (0x01078233) x4  0x00000039
0x000030bc (0xe1382213) x4  0x00000000
0x000030c0 (0x00f18803) x16 0x0000001e
0x000030c4 (0x010797b3) x15 0xc0000000
0x000030c8 (0xffd1c583) x11 0x00000008
0x000030cc (0x00d18f03) x30 0x00000018
0x000030d0 (0x01e19423) mem 0x0000925e 0x0018
0x000030d4 (0x41625593) x11 0x00000000
0x000030d8 (0x4077d793) x15 0xff800000
0x000030dc (0xafef6593) x11 0xfffffafe
0x000030e0 (0x00ff3633) x12 0x00000001
0x000030e4 (0xfef1ad23) mem 0x00009250 0xff800000
0x000030e8 (0x00007497) x9  0x0000a0e8
0x000030ec (0xb5948493) x9  0x00009c41
0x000030f0 (0xffc48923) mem 0x00009c33 0xae
0x000030f4 (0xff048a03) x20 0xffffffea
0x000030f8 (0x0104cb83) x23 0x0000000a
0x000030fc (0x00a48823) mem 0x00009c51 0x58
0x00003100 (0x0104ca03) x20 0x00000058
0x00003104 (0x006a2a33) x20 0x00000000
0x00003108 (0x01048603) x12 0x00000058
0x0000310c (0x00f48e03) x28 0x0000000b
0x00003110 (0x014487a3) mem 0x00009c50 0x00
0x00003114 (0x01548523) mem 0x00009c4b 0x52
0x00003118 (0xffd49803) x16 0xfffff4f5
0x0000311c (0xffd4ca03) x20 0x000000f5
0x00003120 (0xffd49e03) x28 0xfffff4f5
0x00003124 (0xffd4c183) x3  0x000000f5
0x00003128 (0xfee48ea3) mem 0x00009c3e 0x5c
0x0000312c (0x00005b97) x23 0x0000812c
0x00003130 (0x69ab8b93) x23 0x000087c6
0x00003134 (0x20978eb7) x29 0x20978000
0x00003138 (0x60ab8883) x17 0xffffff8b
0x0000313c (0x400887b3) x15 0xffffff8b
0x00003140 (0xd5d59e97) x29 0xd5d5c140
0x00003148 (0xb7003c93) x25 0x00000001
0x0000314c (0xbb1b8223) mem 0x0000836a 0x8b
0x00003150 (0x132b8e83) x29 0xffffffb3
0x00003154 (0x00f7c8b3) x17 0x00000000
0x00003158 (0x40fedeb3) x29 0xffffffff
0x0000315c (0xf68b8c83) x25 0xffffffe5
0x00003160 (0x1478ce93) x29 0x00000147
0x00003164 (0xad1b9023) mem 0x00008286 0x0000
0x00003168 (0x05db80a3) mem 0x00008807 0x47
0x00003170 (0x5eff9cb7) x25 0x5eff9000
0x00003174 (0x1ddb8223) mem 0x0000898a 0x47
0x00003178 (0x2c8c8c93) x25 0x5eff92c8
0x0000317c (0x4128d793) x15 0x00000000
0x00003188 (0x00f8acb3) x25 0x00000000
0x0000318c (0x0117dcb3) x25 0x00000000
0x00003190 (0x428b9e23) mem 0x00008c02 0x0073
0x00003194 (0xc88b9223) mem 0x0000844a 0x0073
0x00003198 (0x019c8cb3) x25 0x00000000
0x0000319c (0x01d038b3) x17 0x00000001
0x000031a0 (0x191b8c83) x25 0x0000000c
0x000031a4 (0x09db88a3) mem 0x00008857 0x47
0x000031a8 (0xdd1b8e23) mem 0x000085a2 0x01
0x000031b0 (0xf3ed6417) x8  0xf3ed91b0
0x000031b4 (0xb72bac83) x25 0xf0f1f2f3
0x000031b8 (0xb6bb8403) x8  0xffffffea
0x000031bc (0xdcfb83a3) mem 0x0000858d 0x00
0x000031c0 (0xe89b8e83) x29 0x00000004
0x000031c4 (0x427297b7) x15 0x42729000
0x000031c8 (0xe10bc783) x15 0x0000008d
0x000031cc (0x00006f97) x31 0x000091cc
0x000031d0 (0xeaff8f93) x31 0x0000907b
0x000031d4 (0x00005917) x18 0x000081d4
0x000031d8 (0x32d90913) x18 0x00008501
0x000031dc (0x00006317) x6  0x000091dc
0x000031e0 (0xc4730313) x6  0x00008e23
0x000031e4 (0x001f8603) x12 0x00000037
0x000031e8 (0xfe2907a3) mem 0x000084f0 0x69
0x000031ec (0x00005717) x14 0x000081ec
0x000031f0 (0x18970713) x14 0x00008375
0x000031f4 (0xfd795a83) x21 0x00009293
0x000031f8 (0xfda94983) x19 0x00000090
0x000031fc (0xd7030da3) mem 0x00008b9e 0xf5
0x00003200 (0x00771803) x16 0x00003637
0x00003204 (0xabc30d23) mem 0x000088dd 0xf5
0x00003208 (0x00006197) x3  0x00009208
0x0000320c (0xc6718193) x3  0x00008e6f
0x00003210 (0x00991883) x17 0xffffc0c1
0x00003214 (0xfe0f98a3) mem 0x0000906c 0x0000
0x00003218 (0xff674583) x11 0x00000020
0x0000321c (0x00391d83) x27 0xffffbebf
0x00003220 (0x16e30203) x4  0x0000004a
0x00003224 (0xff0718a3) mem 0x00008366 0x3637
0x00003228 (0xff2f8e03) x28 0x00000000
0x0000322c (0x00dfd883) x17 0x00004243
0x00003230 (0x8e730b83) x23 0xffffffc1
0x00003234 (0xfc418e03) x28 0xffffffe8
0x00003238 (0xff670f03) x30 0x00000020
0x0000323c (0xfe71cf03) x30 0x0000000d
0x00003240 (0xa0135783) x15 0x0000dedf
0x00003244 (0x0051de03) x28 0x00002e2f
0x00003248 (0xff5fa283) x5  0x28292a2b
0x0000324c (0xbfa30a03) x20 0xffffffd6
0x00003250 (0x0a630483) x9  0xffffff82
0x00003258 (0x01190a03) x20 0xffffffc9
0x0000325c (0x01074803) x16 0x0000003e
0x00003260 (0xff719103) x2  0x00001c1d
0x00003264 (0x01191a03) x20 0xffffc8c9
0x00003268 (0xffb95403) x8  0x0000b6b7
0x0000326c (0x00e1cd83) x27 0x00000036
0x00003270 (0x03e90523) mem 0x0000852b 0x0d
0x00003274 (0xfe195603) x12 0x00009899
0x00003278 (0x00af8a83) x21 0x0000003e
0x0000327c (0x13a30d23) mem 0x00008f5d 0x03
0x00003280 (0x004f8423) mem 0x00009083 0x4a
0x00003284 (0x30030403) x8  0xffffffd8
0x00003288 (0x02a1c683) x13 0x00000052
0x0000328c (0x0291db83) x23 0x00005253
0x00003290 (0xff3f9ba3) mem 0x00009072 0x0090
0x00003294 (0x00470823) mem 0x00008385 0x4a
0x00003298 (0x00006597) x11 0x00009298
0x0000329c (0x4c558593) x11 0x0000975d
0x000032a0 (0xf94588a3) mem 0x000096ee 0xc9
0x000032a4 (0x00005317) x6  0x000082a4
0x000032a8 (0x6c130313) x6  0x00008965
0x000032ac (0x09958f83) x31 0xffffffad
0x000032b0 (0xf6130723) mem 0x000088d3 0xed
0x000032b4 (0xfc95ce03) x28 0x000000dd
0x000032b8 (0x02934603) x12 0x00000045
0x000032bc (0xf8658403) x8  0xffffffff
0x000032c0 (0xf275c783) x15 0x0000003f
0x000032c4 (0x00c30983) x19 0x0000002a
0x000032c8 (0x0c758623) mem 0x00009829 0xcc
0x000032cc (0x02a31ea3) mem 0x000089a2 0xc058
0x000032d0 (0xff55a7a3) mem 0x0000974c 0x0000003e
0x000032d4 (0x04358a23) mem 0x000097b1 0x6f
0x000032d8 (0x05530923) mem 0x000089b7 0x3e
0x000032dc (0x0395d183) x3  0x00004c4d
0x000032e0 (0x07534a03) x20 0x00000091
0x000032e4 (0x00006597) x11 0x000092e4
0x000032e8 (0x1d058593) x11 0x000094b4
0x000032ec (0x0085a303) x6  0x74757677
0x000032f0 (0x0085c883) x17 0x00000077
0x000032f4 (0x0085c903) x18 0x00000077
0x000032f8 (0x00858683) x13 0x00000077
0x000032fc (0x00858c83) x25 0x00000077
0x00003300 (0x01458423) mem 0x000094bc 0x91
0x00003304 (0x0085d283) x5  0x00007691
0x00003308 (0x41278cb3) x25 0xffffffc8
0x0000330c (0x6cc47093) x1  0x000006cc
0x00003310 (0x40895733) x14 0x00000000
0x00003318 (0x0085a903) x18 0x74757691
0x0000331c (0x0085a423) mem 0x000094bc 0xffffffff
0x00003320 (0x00859603) x12 0xffffffff
0x00003324 (0x0085d103) x2  0x0000ffff
0x00003328 (0x049ae413) x8  0x0000007f
0x0000332c (0x0085c803) x16 0x000000ff
0x00003330 (0x0016b8b3) x17 0x00000001
0x00003334 (0x0055c603) x12 0x00000072
0x00003338 (0x00558683) x13 0x00000072
0x0000333c (0xffd5c883) x17 0x0000006a
0x00003340 (0xffd5cd03) x26 0x0000006a
0x00003344 (0x01c9d913) x18 0x00000000
0x00003348 (0xffd5c803) x16 0x0000006a
0x0000334c (0x00ce7f33) x30 0x00000050
0x00003350 (0xffd58d03) x26 0x0000006a
0x00003354 (0x00500893) x17 0x00000005
0x00003358 (0x00d00113) x2  0x0000000d
0x0000335c (0x0192c7b3) x15 0xffff8959
0x00003360 (0x00d10933) x18 0x0000007f
0x00003368 (0xe222c993) x19 0xffff88b3
0x0000336c (0x4100deb3) x29 0x00000001
0x00003370 (0x0115fab3) x21 0x00000004
0x00003374 (0xddfc8b93) x23 0xfffffda7
0x00003378 (0x01f78e33) x28 0xffff8906
0x0000337c (0x00441213) x4  0x000007f0
0x00003380 (0x00488893) x17 0x00000009
0x00003384 (0x76cc7813) x16 0x00000268
0x00003388 (0xf6c48993) x19 0xfffffeee
0x0000338c (0x715c4493) x9  0x00007d6e
0x00003390 (0x00300d13) x26 0x00000003
0x00003394 (0x0081b4b3) x9  0x00000000
0x00003398 (0x01c79d93) x27 0x90000000
0x0000339c (0x00d00c93) x25 0x0000000d
0x000033a0 (0x00159633) x12 0x094b4000
0x000033a4 (0x1ac5a713) x14 0x00000000
0x000033a8 (0x00ffc6b3) x13 0x000076f4
0x000033ac (0x00253933) x18 0x00000000
0x000033b0 (0x063bea13) x20 0xfffffde7
0x000033b4 (0x40c7d293) x5  0xfffffff8
0x000033b8 (0xf68da317) x6  0xf68dd3b8
0x000033bc (0x005d0d13) x26 0x00000008
0x000033c0 (0x0118afb3) x31 0x00000000
0x000033b0 (0x063bea13) x20 0xfffffde7
0x000033b4 (0x40c7d293) x5  0xfffffff8
0x000033b8 (0xf68da317) x6  0xf68dd3b8
0x000033bc (0x005d0d13) x26 0x0000000d
0x000033c0 (0x0118afb3) x31 0x00000000
0x000033c8 (0x0cd50ab7) x21 0x0cd50000
0x000033cc (0x41a1d493) x9  0x00000000
0x000033d8 (0x00006917) x18 0x000093d8
0x000033dc (0xd4f90913) x18 0x00009127
0x000033e0 (0xff990083) x1  0xffffffdb
0x000033e4 (0xfcc90303) x6  0xffffffa8
0x000033e8 (0x0064af33) x30 0x00000000
0x000033ec (0x01d90023) mem 0x00009127 0x01
0x000033f0 (0x00d90303) x6  0xffffffef
0x000033f4 (0x1b610313) x6  0x000001c3
0x000033f8 (0x00290f23) mem 0x00009145 0x0d
0x000033fc (0x7c533093) x1  0x00000001
0x00003400 (0x006915a3) mem 0x00009132 0x01c3
0x00003404 (0xfe890303) x6  0xffffffc4
0x00003408 (0x40c4d493) x9  0x00000000
0x0000340c (0x20532113) x2  0x00000001
0x00003410 (0x406edf33) x30 0x00000000
0x00003414 (0xea80f113) x2  0x00000000
0x00003418 (0x9ba81f17) x30 0x9ba84418
0x0000341c (0xfda94f03) x30 0x000000ba
0x00003420 (0xfc912493) x9  0x00000000
0x00003424 (0x01e31eb3) x29 0x10000000
0x00003428 (0x0014df33) x30 0x00000000
0x0000342c (0x01f94103) x2  0x000000fd
0x00003430 (0x957ca117) x2  0x957cd430
0x00003434 (0xfeb94f03) x30 0x000000c9
0x00003438 (0xfce90303) x6  0xffffffae
0x0000343c (0xfc290623) mem 0x000090f3 0x30
0x00003440 (0x00d95f03) x30 0x0000eeef
0x00003444 (0xfd090483) x9  0xffffffac
0x00003448 (0x009ef333) x6  0x10000000
0x0000344c (0x0010e4b3) x9  0x00000001
0x00003450 (0x4104d113) x2  0x00000000
0x00003454 (0xffc90303) x6  0xffffffd8
0x00003458 (0xfea90e83) x29 0xffffffca
0x0000345c (0x7cbbf137) x2  0x7cbbf000
0x00003460 (0xfd694483) x9  0x000000b6
0x00003464 (0x38902097) x1  0x38905464
0x00003468 (0xfd592303) x6  0xb4b5b6b7
0x0000346c (0xff890303) x6  0xffffffd4
0x00003470 (0x002ed133) x2  0xffffffca
0x00003474 (0x1e737497) x9  0x1e73a474
0x00003478 (0xfc595483) x9  0x0000a6a7
0x0000347c (0x00290f03) x30 0xffffffe2
0x00003480 (0x001edeb3) x29 0x0ffffffc
0x00003484 (0xfef90483) x9  0xffffffcd
0x00003488 (0xbac13493) x9  0x00000000
0x0000348c (0x001913a3) mem 0x0000912e 0x5464
0x00003490 (0x0010d133) x2  0x03890546
0x00003494 (0x00190c23) mem 0x0000913f 0x64
0x00003498 (0x00233133) x2  0x00000000
0x0000349c (0x01515e93) x29 0x00000000
0x000034a0 (0xfe2906a3) mem 0x00009114 0x00
0x000034a4 (0xfc990923) mem 0x000090f9 0x00
0x000034a8 (0x019a1bb3) x23 0xffbce000
0x000034ac (0x010d8ab3) x21 0x90000268
0x000034b4 (0x00163eb3) x29 0x00000001
0x000034b8 (0x849afc13) x24 0x90000048
0x000034bc (0x00a4a733) x14 0x00000001
0x00003538 (0x012201b3) x3  0x00009917
0x0000353c (0x40f15a33) x20 0x00000000
0x00003540 (0xf7620693) x13 0x00000766
0x00003544 (0xcdcd7213) x4  0x0000000c
0x00003548 (0xe60eec93) x25 0xfffffe61
0x00003584 (0xb9b61637) x12 0xb9b61000
0x0000358c (0x00c81113) x2  0x00268000
0x00003590 (0x01145c13) x24 0x00000000
0x00003594 (0x77596993) x19 0x00009777
0x000035c0 (0x017122b3) x5  0x00000000
0x000035c4 (0x0196fbb3) x23 0x00000660
0x000035cc (0x004c17b3) x15 0x00000000
0x000035d0 (0x0102ddb3) x27 0x00000000
0x000035d4 (0x15fa6797) x15 0x15fa95d4
0x000035d8 (0x017dbbb3) x23 0x00000001
0x000035dc (0x015fa2b3) x5  0x00000000
0x000035e0 (0x40e18ab3) x21 0x00009916
0x000035e4 (0x01886d33) x26 0x00000268
0x000035e8 (0x00269493) x9  0x00001d98
0x0000361c (0xc1f3b793) x15 0x00000001
0x00003620 (0x018324b3) x9  0x00000001
0x00003624 (0x78993e13) x28 0x00000000
0x00003628 (0x0170db93) x23 0x00000071
0x0000362c (0x0168cab3) x21 0x22b3828c
0x00003630 (0x1a1e8793) x15 0x000001a2
0x00003634 (0x015398b3) x17 0x0dfcc000
0x00003638 (0x13fd6c13) x24 0x0000037f
0x00003640 (0xdff68e93) x29 0x00000565
0x00003644 (0x41490d33) x26 0x00009127
0x00003648 (0x40a3d633) x12 0x00000000
0x0000364c (0xd3380313) x6  0xffffff9b
0x00003650 (0x0089d5b3) x11 0x00000000
0x00003658 (0x01e459b3) x19 0x0000001f
0x0000365c (0x00b75e13) x28 0x00000000
0x00003660 (0xad18a793) x15 0x00000000
0x00003664 (0x00a3b5b3) x11 0x00000000
0x00003668 (0x01178d33) x26 0x0dfcc000
0x00003670 (0xb049d7b7) x15 0xb049d000
0x00003674 (0x011d8933) x18 0x0dfcc000
0x00003678 (0x77919fb7) x31 0x77919000
0x0000367c (0x41028433) x8  0xfffffd98
0x000036a4 (0x01d7b1b3) x3  0x00000000
0x000036a8 (0x00f856b3) x13 0x00000268
0x000036ac (0x352f2613) x12 0x00000001
0x000036b0 (0x00dcae33) x28 0x00000001
0x000036b4 (0x8d02a493) x9  0x00000000
0x000036bc (0x01cf5f13) x30 0x0000000f
0x000036c0 (0x00621c33) x24 0x60000000
0x00003714 (0x0050f2b3) x5  0x00000000
0x00003718 (0xdd572a93) x21 0x00000000
0x0000371c (0x409ad613) x12 0x00000000
0x00003724 (0x5a6dc493) x9  0x000005a6
0x00003728 (0x019efd33) x26 0x00000461
0x0000372c (0x00edc833) x16 0x00000001
0x00003730 (0x00970933) x18 0x000005a7
0x00003734 (0xf310c413) x8  0xc76fab55
0x00003768 (0x01e6ddb3) x27 0x00000000
0x0000376c (0x20d74c93) x25 0x0000020c
0x00003770 (0x0010b9b3) x19 0x00000000
0x00003774 (0x01ae01b3) x3  0x00000462
0x00003778 (0x8d9e3d93) x27 0x00000001
0x000037a4 (0x41aad793) x15 0x00000000
0x000037a8 (0x89f64c13) x24 0xfffff89f
0x000037b0 (0x57700e13) x28 0x00000577
0x000037b4 (0x00e5ffb3) x31 0x00000000
0x000037e0 (0x0105c933) x18 0x00000001
0x000037e4 (0x01d21db3) x27 0x00000180
0x000037e8 (0x38c6b913) x18 0x00000001
0x000037ec (0x00a976b3) x13 0x00000000
0x000037f0 (0x00004733) x14 0x00000000
0x000037f4 (0x151a4113) x2  0x00000151
0x000037f8 (0x194e6093) x1  0x000005f7
0x000037fc (0x00a82833) x16 0x00000001
0x00003800 (0x99152613) x12 0x00000000
0x00003804 (0x1301e613) x12 0x00000572
0x0000380c (0x0190e133) x2  0x000007ff
0x00003814 (0x5432cf93) x31 0x00000543
0x0000381c (0x4041d9b3) x19 0x00000000
0x00003820 (0x00f226b3) x13 0x00000000
0x00003870 (0x41620333) x6  0xdd4c7d87
0x00003874 (0x489cfd93) x27 0x00000008
0x00003878 (0x002d2433) x8  0x00000001
0x0000387c (0x0166de33) x28 0x00000000
0x00003880 (0x40bbdd93) x27 0x00000000
0x000038a0 (0x01aebbb3) x23 0x00000000
0x000038a4 (0x1bf0e813) x16 0x000005ff
0x000038a8 (0x017359b3) x19 0xdd4c7d87
0x000038ac (0x8eb34c93) x25 0x22b3856c
0x000038b4 (0xcdd1bf13) x30 0x00000001
0x000038bc (0x01657a33) x20 0x00008000
0x000038c0 (0xd808a693) x13 0x00000000
0x00003914 (0x415b0d33) x26 0x22b38285
0x00003918 (0x51b52f13) x30 0x00000000
0x0000391c (0xf9a0cd93) x27 0xfffffa6d
0x00003920 (0x01263cb3) x25 0x00000000
0x00003924 (0x41a85793) x15 0x00000000
0x00003928 (0x416ade13) x28 0x00000000
0x00003930 (0x41b2e593) x11 0x0000041b
0x00003934 (0x4129d233) x4  0xeea63ec3
0x00003940 (0x01f94a33) x20 0x00000542
0x00003944 (0xa5baf193) x3  0x00000000
0x00003948 (0x03240113) x2  0x00000033
0x00003950 (0x00029933) x18 0x00000000
0x00003954 (0x0035d093) x1  0x00000083
0x00003958 (0x00f6d9b3) x19 0x00000000
0x0000397c (0x01f004b3) x9  0x00000543
0x00003984 (0x0035c7b3) x15 0x0000041b
0x0000398c (0x41e68633) x12 0x00000000
0x00003990 (0x9069f693) x13 0x00000000
0x00003994 (0x00bedf93) x31 0x00000000
0x00003998 (0x40af5ab3) x21 0x00000000
0x0000399c (0x6c88afb7) x31 0x6c88a000
0x000039a0 (0x067c3613) x12 0x00000000
0x000039a4 (0x01c35233) x4  0xdd4c7d87
0x000039a8 (0x008a5e13) x28 0x00000005
0x000039ac (0xfc612d17) x26 0xfc6159ac
0x000039b4 (0x00adb133) x2  0x00000000
0x000039b8 (0xff913913) x18 0x00000001
0x000039bc (0x00a79d93) x27 0x00106c00
0x000039c0 (0xed74c213) x4  0xfffffb94
0x000039c4 (0x412c07b3) x15 0xfffff89e
0x000039ec (0x412e8bb3) x23 0x00000564
0x000039f0 (0x00ea9093) x1  0x00000000
0x00003a20 (0x40c38f33) x30 0x0000dfcc
0x00003a24 (0xb9167193) x3  0x00000000
0x00003a2c (0xe7ec3913) x18 0x00000001
0x00003a30 (0x003847b3) x15 0x000005ff
0x00003a34 (0x6baafb93) x23 0x00000000
0x00003a38 (0x00bf18b3) x17 0x60000000
0x00003a3c (0x01865c33) x24 0x00000000
0x00003a40 (0x2aa10d13) x26 0x000002aa
0x00003a44 (0x00451593) x11 0x000c0580
0x00003a48 (0x05b0e093) x1  0x0000005b
0x00003a54 (0xac7bba93) x21 0x00000001
0x00003a58 (0x00fcf9b3) x19 0x00000000
0x00003a5c (0x01faaeb3) x29 0x00000001
0x00003a60 (0x8a1eed93) x27 0xfffff8a1
0x00003a64 (0x4db74e13) x28 0x000004db
0x00003a68 (0x416fdbb3) x23 0x03644500
0x00003abc (0x417ad793) x15 0x00000000
0x00003ac4 (0x0091acb3) x25 0x00000001
0x00003ac8 (0x402f0233) x4  0x0000dfcc
0x00003acc (0x71d7c593) x11 0x0000071d
0x00003ad0 (0xb41b7613) x12 0x22b38201
0x00003ad4 (0x0127ce33) x28 0x00000001
0x00003ad8 (0x0b7e8d93) x27 0x000000b8
0x00003adc (0x7ca972b7) x5  0x7ca97000
0x00003ae0 (0x56eabf93) x31 0x00000001
0x00003ae8 (0x22279797) x15 0x2227cae8
0x00003aec (0x0029d933) x18 0x00000000
0x00003af0 (0x41c65493) x9  0x00000002
0x00003af4 (0x0f383bb7) x23 0x0f383000
0x00003af8 (0x40dbd5b3) x11 0x0f383000
0x00003afc (0x017e1913) x18 0x00800000
0x00003b00 (0x008b4333) x6  0x22b38284
0x00003b08 (0xb2415d97) x27 0xb2418b08
0x00003b0c (0xf29c3613) x12 0x00000001
0x00003b30 (0x0117d333) x6  0x2227cae8
0x00003b34 (0x410ed413) x8  0x00000000
0x00003b3c (0x803cbd13) x26 0x00000001
0x00003b40 (0x00964a33) x20 0x00000003
0x00003b44 (0xd1a7ad13) x26 0x00000000
0x00003b48 (0x40fb52b3) x5  0x0022b382
0x00003b4c (0x011cc0b3) x1  0x60000001
0x00003b50 (0x00574f33) x30 0x0022b382
0x00003b54 (0x3e176213) x4  0x000003e1
0x00003b58 (0x41d2d193) x3  0x00000000
0x00003b70 (0xa6aeb597) x11 0xa6aeeb70
0x00003b7c (0x418ed233) x4  0x00000001
0x00003b80 (0x0075da33) x20 0x000a6aee
0x00003b84 (0x01c504b3) x9  0x0000c059
0x00003bb0 (0x0144d213) x4  0x00000000
0x00003bb4 (0x00f35a33) x20 0x002227ca
0x00003bb8 (0x5a17f293) x5  0x000000a0
0x00003bbc (0x005ad813) x16 0x00000000
0x00003bc0 (0xa8f92893) x17 0x00000000
0x00003bc4 (0x01eb1e93) x29 0x40000000
0x00003bdc (0x005c1933) x18 0x00000000
0x00003be0 (0x235c0a93) x21 0x00000235
0x00003be4 (0x313a4493) x9  0x002224d9
0x00003bf0 (0x0126ed33) x26 0x00000000
0x00003bf8 (0x0136b7b3) x15 0x00000000
0x00003bfc (0x016e49b3) x19 0x22b38284
0x00003c00 (0x4101d133) x2  0x00000000
0x00003c0c (0x01d2d933) x18 0x000000a0
0x00003c10 (0x405dd593) x11 0xfd920c58
0x00003c14 (0x416d5633) x12 0x00000000
0x00003c18 (0x01bd5f33) x30 0x00000000
0x00003c1c (0x01798e33) x28 0x31ebb284
0x00003c24 (0x01fe05b3) x11 0x31ebb285
0x00003c28 (0x0037d313) x6  0x00000000
0x00003cb0 (0x01029b93) x23 0x00a00000
0x00003cd8 (0x00bfce33) x28 0x31ebb284
0x00003cdc (0x2e1ef413) x8  0x00000000
0x00003ce0 (0x41805113) x2  0x00000000
0x00003ce4 (0x01be9b93) x23 0x00000000
0x00003d00 (0x00a35d33) x26 0x00000000
0x00003d2c (0x0d348c93) x25 0x002225ac
0x00003d64 (0x01110e33) x28 0x00000000
0x00003d68 (0x419787b3) x15 0xffddda54
0x00003d6c (0x00a35b93) x23 0x00000000
0x00003dd4 (0x01f53c33) x24 0x00000000
0x00003dd8 (0x414ad8b3) x17 0x00000000
0x00003e00 (0x403c8733) x14 0x002225ac
0x00003e04 (0xdcc972b7) x5  0xdcc97000
0x00003e08 (0x015a3133) x2  0x00000000
0x00003e20 (0x019e87b3) x15 0x402225ac
0x00003e24 (0x43450793) x15 0x0000c48c
0x00003e28 (0x8b228a93) x21 0xdcc968b2
0x00003e2c (0x2d2cd137) x2  0x2d2cd000
0x00003e30 (0x417e5713) x14 0x00000000
0x00003e34 (0xcf3e3193) x3  0x00000001
0x00003e3c (0x93fd0d13) x26 0xfffff93f
0x00003e40 (0x01ada4b3) x9  0x00000001
0x00003e64 (0x42653a93) x21 0x00000000
0x00003e6c (0x01c3e633) x12 0x0000dfcc
0x00003e90 (0x018edd13) x26 0x00000040
0x00003e94 (0xa5aac193) x3  0xfffffa5a
0x00003e98 (0x418e8833) x16 0x40000000
0x00003e9c (0xaedb68b7) x17 0xaedb6000
0x00003ea0 (0x0130c733) x14 0x42b38285
0x00003ea4 (0x0156a7b3) x15 0x00000000
0x00003ea8 (0x01247d33) x26 0x00000000
0x00003eac (0x00f210b3) x1  0x00000000
0x00003eb0 (0x0113b333) x6  0x00000001
0x00003ee4 (0x8a206797) x15 0x8a209ee4
0x00003ee8 (0x4020de93) x29 0x00000000
0x00003eec (0x4174d733) x14 0x00000001
0x00003ef0 (0x01386233) x4  0x62b38284
0x00003ef4 (0x00aa97b3) x15 0x00000000
0x00003ef8 (0xd960f093) x1  0x00000000
0x00003f00 (0xe91c7e37) x28 0xe91c7000
0x00003f04 (0x4026df93) x31 0x00000000
0x00003f0c (0x405e86b3) x13 0x23369000
0x00003f10 (0x414ed833) x16 0x00000000
0x00003f14 (0x4067df33) x30 0x00000000
0x00003f18 (0x011bb0b3) x1  0x00000001
0x00003f1c (0x003e2133) x2  0x00000001
0x00003f24 (0x41a9d113) x2  0x00000008
0x00003f28 (0x410854b3) x9  0x00000000
0x00003f2c (0xa93a7093) x1  0x00222282
0x00003f30 (0x00be9e13) x28 0x00000000
0x00003f38 (0x40e306b3) x13 0x00000000
0x00003f3c (0x00cfb5b3) x11 0x00000001
0x00003f40 (0xb2968f97) x31 0xb296bf40
0x00003f44 (0xca4e9c17) x24 0xca4ecf44
0x00003f48 (0x00a862b3) x5  0x0000c058
0x00003f4c (0x00c43933) x18 0x00000001
0x00003f50 (0x409b5093) x1  0x001159c1
0x00003f54 (0x03994593) x11 0x00000038
0x00003f58 (0x41f30133) x2  0x4d6940c1
0x00003f5c (0xe8a4c413) x8  0xfffffe8a
0x00003f60 (0x7c48c097) x1  0x7c48ff60
0x00003f64 (0x6de45897) x17 0x6de48f64
0x00003f68 (0xba2c3c13) x24 0x00000001
0x00003f6c (0x00705f33) x30 0x00000000
0x00003f70 (0x00ee2833) x16 0x00000001
0x00003f74 (0x0047f6b3) x13 0x00000000
0x00003f7c (0x2cc87713) x14 0x00000000
0x00003fc4 (0x01847d33) x26 0x00000000
0x00003fc8 (0x00b07433) x8  0x00000000
0x00003fcc (0x014808b3) x17 0x002227cb
0x00003fd0 (0xaa963d93) x27 0x00000001
0x00003fd8 (0x005611b3) x3  0xcc000000
0x00003fdc (0x01efb9b3) x19 0x00000000
0x00004004 (0x0033b8b3) x17 0x00000001
0x00004008 (0x00bf7fb3) x31 0x00000000
0x0000400c (0x5217dd97) x27 0x5218100c
0x00004010 (0x0186bdb3) x27 0x00000001
0x00004014 (0x501b2193) x3  0x00000000
0x00004018 (0x40ca8eb3) x29 0xffff2034
0x0000401c (0x9bab6113) x2  0xfffffbbf
0x00004020 (0x00c65093) x1  0x0000000d
0x00004028 (0x412502b3) x5  0x0000c057
0x0000402c (0x002132b3) x5  0x00000000
0x00004030 (0x009c81b3) x3  0x002225ac
0x00004034 (0x00421293) x5  0x2b382840
0x00004038 (0x0036f6b3) x13 0x00000000
0x0000403c (0x401e8fb3) x31 0xffff2027
0x00004040 (0x007bee33) x28 0x0000dfcc
0x00004044 (0x01231113) x2  0x00040000
0x00004048 (0x90696893) x17 0xfffff907
0x0000404c (0x00f2ff33) x30 0x00000000
0x00004050 (0x401dddb3) x27 0x00000000
0x00004054 (0x7a553c13) x24 0x00000000
0x00004058 (0x41b05993) x19 0x00000000
0x0000405c (0x01d579b3) x19 0x00000010
0x00004060 (0x29883113) x2  0x00000001
0x0000409c (0xd05b7913) x18 0x22b38005
0x000040a0 (0x008100b3) x1  0x00000001
0x000040a4 (0x0e343737) x14 0x0e343000
0x000040a8 (0x01ffa2b3) x5  0x00000000
0x000040ac (0x4d830713) x14 0x000004d9
0x000040b0 (0x52c2b093) x1  0x00000001
0x000040c8 (0x40e356b3) x13 0x00000000
0x000040d0 (0x0185a7b3) x15 0x00000000
0x000040d4 (0x98834d93) x27 0xfffff989
0x000040d8 (0x0ab22693) x13 0x00000000
0x000040dc (0x00452303) x6  0x00002150
0x000040e0 (0x70016693) x13 0x00000701
0x000040e4 (0x00feecb3) x25 0xffff2034
0x000040e8 (0xbd5ef193) x3  0xffff2014
0x000040ec (0x015b1833) x16 0x22b38285
0x000040f0 (0x41ead6b3) x13 0x00000000
0x000040f4 (0x03050513) x10 0x0000c088
0x000040f8 (0x00112933) x18 0x00000000
0x000040fc (0x00d2d833) x16 0x00000000
0x00004100 (0x00130193) x3  0x00002151
0x00004104 (0x000181e7) x3  0x00004108
0x00002150 (0x00800193) x3  0x00000008
0x00002154 (0x01037ab3) x21 0x00000000
0x00002158 (0x01911493) x9  0x02000000
0x0000215c (0xd8bc2613) x12 0x00000000
0x00002164 (0x0110f4b3) x9  0x00000001
0x00002168 (0x00c00713) x14 0x0000000c
0x0000216c (0xe359a5b7) x11 0xe359a000
0x00002170 (0x47963793) x15 0x00000001
0x00002174 (0xa8553813) x16 0x00000001
0x00002178 (0x0199c6b3) x13 0xffff2024
0x0000217c (0x01193cb3) x25 0x00000001
0x00002180 (0x00318193) x3  0x0000000b
0x00002184 (0x00700a13) x20 0x00000007
0x00002188 (0xff6b8c93) x25 0xfffffff6
0x0000218c (0x01c77db3) x27 0x0000000c
0x00002190 (0xfff00993) x19 0xffffffff
0x00002194 (0x018338b3) x17 0x00000000
0x00002198 (0xe8373d13) x26 0x00000001
0x0000219c (0xfffa0a13) x20 0x00000006
0x000021a0 (0xda806a93) x21 0xfffffda8
0x000021a4 (0xbc046313) x6  0xfffffbc0
0x00002198 (0xe8373d13) x26 0x00000001
0x0000219c (0xfffa0a13) x20 0x00000005
0x000021a0 (0xda806a93) x21 0xfffffda8
0x000021a4 (0xbc046313) x6  0xfffffbc0
0x00002198 (0xe8373d13) x26 0x00000001
0x0000219c (0xfffa0a13) x20 0x00000004
0x000021a0 (0xda806a93) x21 0xfffffda8
0x000021a4 (0xbc046313) x6  0xfffffbc0
0x00002198 (0xe8373d13) x26 0x00000001
0x0000219c (0xfffa0a13) x20 0x00000003
0x000021a0 (0xda806a93) x21 0xfffffda8
0x000021a4 (0xbc046313) x6  0xfffffbc0
0x00002198 (0xe8373d13) x26 0x00000001
0x0000219c (0xfffa0a13) x20 0x00000002
0x000021a0 (0xda806a93) x21 0xfffffda8
0x000021a4 (0xbc046313) x6  0xfffffbc0
0x00002198 (0xe8373d13) x26 0x00000001
0x0000219c (0xfffa0a13) x20 0x00000001
0x000021a0 (0xda806a93) x21 0xfffffda8
0x000021a4 (0xbc046313) x6  0xfffffbc0
0x00002198 (0xe8373d13) x26 0x00000001
0x0000219c (0xfffa0a13) x20 0x00000000
0x000021a0 (0xda806a93) x21 0xfffffda8
0x000021a4 (0xbc046313) x6  0xfffffbc0
0x00002198 (0xe8373d13) x26 0x00000001
0x0000219c (0xfffa0a13) x20 0xffffffff
0x000021a0 (0xda806a93) x21 0xfffffda8
0x000021a4 (0xbc046313) x6  0xfffffbc0
0x00002198 (0xe8373d13) x26 0x00000001
0x0000219c (0xfffa0a13) x20 0xfffffffe
0x000021a0 (0xda806a93) x21 0xfffffda8
0x000021a4 (0xbc046313) x6  0xfffffbc0
0x000021ac (0x0cf7e313) x6  0x000000cf
0x000021b0 (0x002e8ab3) x21 0xffff2035
0x000021b4 (0x01c0b433) x8  0x00000001
0x00002170 (0x47963793) x15 0x00000001
0x00002174 (0xa8553813) x16 0x00000001
0x00002178 (0x0199c6b3) x13 0x00000009
0x0000217c (0x01193cb3) x25 0x00000000
0x00002180 (0x00318193) x3  0x0000000e
0x00002184 (0x00700a13) x20 0x00000007
0x00002188 (0xff6b8c93) x25 0xfffffff6
0x0000218c (0x01c77db3) x27 0x0000000c
0x00002190 (0xfff00993) x19 0xffffffff
0x00002194 (0x018338b3) x17 0x00000000
0x00002198 (0xe8373d13) x26 0x00000001
0x0000219c (0xfffa0a13) x20 0x00000006
0x000021a0 (0xda806a93) x21 0xfffffda8
0x000021a4 (0xbc046313) x6  0xfffffbc1
0x00002198 (0xe8373d13) x26 0x00000001
0x0000219c (0xfffa0a13) x20 0x00000005
0x000021a0 (0xda806a93) x21 0xfffffda8
0x000021a4 (0xbc046313) x6  0xfffffbc1
0x00002198 (0xe8373d13) x26 0x00000001
0x0000219c (0xfffa0a13) x20 0x00000004
0x000021a0 (0xda806a93) x21 0xfffffda8
0x000021a4 (0xbc046313) x6  0xfffffbc1
0x00002198 (0xe8373d13) x26 0x00000001
0x0000219c (0xfffa0a13) x20 0x00000003
0x000021a0 (0xda806a93) x21 0xfffffda8
0x000021a4 (0xbc046313) x6  0xfffffbc1
0x00002198 (0xe8373d13) x26 0x00000001
0x0000219c (0xfffa0a13) x20 0x00000002
0x000021a0 (0xda806a93) x21 0xfffffda8
0x000021a4 (0xbc046313) x6  0xfffffbc1
0x00002198 (0xe8373d13) x26 0x00000001
0x0000219c (0xfffa0a13) x20 0x00000001
0x000021a0 (0xda806a93) x21 0xfffffda8
0x000021a4 (0xbc046313) x6  0xfffffbc1
0x00002198 (0xe8373d13) x26 0x00000001
0x0000219c (0xfffa0a13) x20 0x00000000
0x000021a0 (0xda806a93) x21 0xfffffda8
0x000021a4 (0xbc046313) x6  0xfffffbc1
0x00002198 (0xe8373d13) x26 0x00000001
0x0000219c (0xfffa0a13) x20 0xffffffff
0x000021a0 (0xda806a93) x21 0xfffffda8
0x000021a4 (0xbc046313) x6  0xfffffbc1
0x00002198 (0xe8373d13) x26 0x00000001
0x0000219c (0xfffa0a13) x20 0xfffffffe
0x000021a0 (0xda806a93) x21 0xfffffda8
0x000021a4 (0xbc046313) x6  0xfffffbc1
0x000021ac (0x0cf7e313) x6  0x000000cf
0x000021b0 (0x002e8ab3) x21 0xffff2035
0x000021b4 (0x01c0b433) x8  0x00000001
0x000021bc (0x01907c93) x25 0x00000000
0x000021c0 (0x00c0036f) x6  0x000021c4
0x000021cc (0xff9ffcef) x25 0x000021d0
0x000021c4 (0x0100036f) x6  0x000021c8
0x000021d4 (0xffdff36f) x6  0x000021d8
0x000021d0 (0x0080036f) x6  0x000021d4
0x000021d8 (0x0200016f) x2  0x000021dc
0x000021f8 (0xffdff0ef) x1  0x000021fc
0x000021f4 (0x020000ef) x1  0x000021f8
0x00002214 (0xfd9ff26f) x4  0x00002218
0x000021ec (0x01000def) x27 0x000021f0
0x000021fc (0xfe9ff36f) x6  0x00002200
0x000021e4 (0x00c000ef) x1  0x000021e8
0x000021f0 (0xff1ffc6f) x24 0x000021f4
0x000021e0 (0x02c009ef) x19 0x000021e4
0x0000220c (0x004000ef) x1  0x00002210
0x00002210 (0xfd9ff36f) x6  0x00002214
0x000021e8 (0x02000bef) x23 0x000021ec
0x00002208 (0xff9ff36f) x6  0x0000220c
0x00002200 (0x004000ef) x1  0x00002204
0x00002204 (0xfc5ff36f) x6  0x00002208
0x000021c8 (0x014002ef) x5  0x000021cc
0x000021dc (0x03c0066f) x12 0x000021e0
0x00002218 (0x003ab6b3) x13 0x00000000
0x0000221c (0x00007617) x12 0x0000921c
0x00002220 (0xb7560613) x12 0x00008d91
0x00002224 (0x00007c17) x24 0x00009224
0x00002228 (0xcadc0c13) x24 0x00008ed1
0x0000222c (0x007c0623) mem 0x00008edd 0xcc
0x00002230 (0x02e60b23) mem 0x00008dc7 0x0c
0x00002234 (0x001616a3) mem 0x00008d9e 0x2204
0x00002238 (0x002c0283) x5  0xffffff88
0x0000223c (0xffcc4983) x19 0x00000086
0x00002240 (0xfeac0a23) mem 0x00008ec5 0x88
0x00002244 (0xfe160083) x1  0x00000029
0x00002248 (0xff864303) x6  0x00000042
0x0000224c (0xfcd60783) x15 0x00000015
0x00002250 (0x01bc12a3) mem 0x00008ed6 0x21f0
0x00002254 (0xffac0203) x4  0xffffff80
0x00002258 (0xff860883) x17 0x00000042
0x0000225c (0x00006917) x18 0x0000825c
0x00002260 (0x06e90913) x18 0x000082ca
0x00002264 (0x38d94183) x3  0x0000000c
0x00002268 (0xf4091d03) x26 0xffffc0c1
0x0000226c (0x41a68d33) x26 0x00003f3f
0x00002270 (0x19c91483) x9  0x00001c1d
0x00002274 (0x01a32333) x6  0x00000001
0x00002278 (0x0b790303) x6  0x0000003a
0x0000227c (0x50f94c03) x24 0x00000092
0x00002280 (0x0181bd33) x26 0x00000001
0x00002284 (0x1a190683) x13 0x00000020
0x00002288 (0xeb75ac17) x24 0xeb75c288
0x0000228c (0xf98900a3) mem 0x0000824b 0x88
0x00002290 (0x77ff9d17) x26 0x77ffb290
0x00002294 (0x71b94d03) x26 0x0000009e
0x00002298 (0x9ca4c493) x9  0xffffe5d7
0x0000229c (0x0096b6b3) x13 0x00000001
0x000022a0 (0xece95483) x9  0x00005253
0x000022a4 (0x006c5c33) x24 0x0000003a
0x000022a8 (0x37a90f23) mem 0x00008648 0x9e
0x000022ac (0x00d681b3) x3  0x00000002
0x000022b0 (0x00335333) x6  0x0000000e
0x000022b4 (0x418301b3) x3  0xffffffd4
0x000022b8 (0x403c0333) x6  0x00000066
0x000022bc (0x0074dc13) x24 0x000000a4
0x000022c0 (0x4126dd13) x26 0x00000000
0x000022c4 (0x026903a3) mem 0x000082f1 0x66
0x000022c8 (0xfde94d03) x26 0x00000063
0x000022cc (0xf6895d03) x26 0x000085e9
0x000022d0 (0x40d35d13) x26 0x00000000
0x000022d4 (0x003d0333) x6  0xffffffd4
0x000022d8 (0x6fa901a3) mem 0x000089ad 0x00
0x000022dc (0x00dd4c33) x24 0x00000001
0x000022e0 (0x0d891423) mem 0x00008392 0x0001
0x000022e4 (0x76394183) x3  0x000000e6
0x000022e8 (0x01a6dc33) x24 0x00000001
0x000022ec (0x11790183) x3  0xffffff9a
0x000022f0 (0x36268493) x9  0x00000363
0x000022f4 (0x00332c33) x24 0x00000000
0x000022f8 (0x0094d6b3) x13 0x0000006c
0x000022fc (0x918341b7) x3  0x91834000
0x00002300 (0xe83d6493) x9  0xfffffe83
0x00002304 (0x46390423) mem 0x00008732 0x00
0x00002308 (0x7441a193) x3  0x00000001
0x0000230c (0x34e94683) x13 0x000000d3
0x00002310 (0xc2cc7313) x6  0x00000000
0x00002314 (0x6e868493) x9  0x000007bb
0x00002318 (0x69691683) x13 0x00000b1b
0x0000231c (0x43b90683) x13 0xffffffbe
0x00002320 (0x14d90303) x6  0xffffffcc
0x00002324 (0x6b694d03) x26 0x0000003b
0x00002328 (0x7b491683) x13 0x00003435
0x0000232c (0x27b6a193) x3  0x00000000
0x00002330 (0x07194683) x13 0x000000f0
0x00002334 (0x9881b313) x6  0x00000001
0x00002338 (0x74991323) mem 0x00008a10 0x07bb
0x0000233c (0xaaec3693) x13 0x00000001
0x00002340 (0x47890c03) x24 0xfffffff9
0x00002344 (0x00007997) x19 0x00009344
0x00002348 (0x32598993) x19 0x00009669
0x0000234c (0x00006817) x16 0x0000834c
0x00002350 (0xe5080813) x16 0x0000819c
0x00002354 (0x02580703) x14 0x0000007a
0x00002358 (0xffd9d303) x6  0x00001c1d
0x0000235c (0xff898403) x8  0x0000001a
0x00002360 (0x0089c703) x14 0x0000002a
0x00002364 (0x09781f23) mem 0x0000823a 0x21ec
0x00002368 (0xff0998a3) mem 0x0000965a 0x819c
0x0000236c (0xff19cf03) x30 0x0000009c
0x00002370 (0x02784883) x17 0x00000078
0x00002378 (0xff09c283) x5  0x00000012
0x0000237c (0x00780623) mem 0x000081a8 0xcc
0x00002380 (0xff198f23) mem 0x00009667 0x78
0x00002384 (0xff098b23) mem 0x0000965f 0x9c
0x00002388 (0x0079ca03) x20 0x0000002b
0x0000238c (0x0d584183) x3  0x0000002a
0x00002390 (0x00007a17) x20 0x00009390
0x00002394 (0xcc0a0a13) x20 0x00009050
0x00002398 (0xfd8a4183) x3  0x000000e3
0x0000239c (0xdf66dd37) x26 0xdf66d000
0x000023a0 (0x4101d993) x19 0x00000000
0x000023a4 (0xfd8a0f03) x30 0xffffffe3
0x000023a8 (0xfd8a4883) x17 0x000000e3
0x000023ac (0xfd4a2c23) mem 0x00009028 0x00009050
0x000023b0 (0xfc1a1c23) mem 0x00009028 0x0029
0x000023b4 (0xfd8a4583) x11 0x00000029
0x000023b8 (0xfc4a2c23) mem 0x00009028 0xffffff80
0x000023bc (0xfdfa0c23) mem 0x00009028 0x27
0x000023c0 (0xfd8a4d03) x26 0x00000027
0x000023c4 (0xfd8a0403) x8  0x00000027
0x000023c8 (0xfd8a5703) x14 0x0000ff27
0x000023cc (0xfd8a2803) x16 0xffffff27
0x000023d0 (0x01d23633) x12 0x00000000
0x000023d4 (0x017c07b3) x15 0x000021e5
0x000023d8 (0x2e114793) x15 0x0000233d
0x000023dc (0x40df8733) x14 0xffff2026
0x000023e4 (0x01ad25b3) x11 0x00000000
0x0000245c (0x9722feb7) x29 0x9722f000
0x00002460 (0x01256733) x14 0x0000c2ca
0x00002474 (0x013fd593) x11 0x00001fff
0x0000247c (0xf75f7c93) x25 0xffffff61
0x00002480 (0x20b92f13) x30 0x00000000
0x00002488 (0x35b7f613) x12 0x00000319
0x000024c8 (0x13078b93) x23 0x0000246d
0x000024d0 (0x86d18213) x4  0xfffff950
0x000024d4 (0x00000b17) x22 0x000024d4
0x000024d8 (0x00cb0b13) x22 0x000024e0
0x000024e0 (0x00100193) x3  0x00000001
0x000079a0 (0x00100293) x5  0x00000001
0x000079a4 (0x00000317) x6  0x000079a4
0x000079a8 (0x75c30313) x6  0x00008100
0x000079ac (0x00532023) mem 0x00008100 0x00000001
0x000079b0 (0x00008297) x5  0x0000f9b0
0x000079b4 (0x64c28293) x5  0x0000fffc
0x000079b8 (0xfff00313) x6  0xffffffff
0x000079bc (0x0062a023) mem 0x0000fffc 0xffffffff
